[ 2015-11-27T12:38:23+08:00 ] ::1 /embahust/tea
ERR: 无法加载控制器:Tea

[ 2015-11-27T12:39:57+08:00 ] ::1 /embahust/tea/dd
ERR: 无法加载控制器:Tea

[ 2015-11-27T13:02:01+08:00 ] ::1 /embahust/info.html
ERR: 非法操作:info

[ 2015-11-27T13:04:32+08:00 ] ::1 /embahust/info.html
ERR: 非法操作:info

[ 2015-11-27T13:10:19+08:00 ] ::1 /embahust/stu/1.html
ERR: 无法加载控制器:Stu

[ 2015-11-27T13:10:42+08:00 ] ::1 /embahust/stu/1.html
ERR: 无法加载控制器:Stu

[ 2015-11-27T13:15:10+08:00 ] ::1 /embahust/info.html
ERR: 非法操作:info

[ 2015-11-27T13:15:41+08:00 ] ::1 /embahust/edu/1.html
ERR: 非法操作:edulist

[ 2015-11-27T13:17:07+08:00 ] ::1 /embahust/stu/1.html
ERR: 无法加载控制器:Stu

[ 2015-11-27T13:24:59+08:00 ] ::1 /embahust/info.html
ERR: 非法操作:info

[ 2015-11-27T13:28:37+08:00 ] ::1 /embahust/info.html
ERR: 非法操作:info

[ 2015-11-27T13:28:46+08:00 ] ::1 /embahust/stu/1.html
ERR: 无法加载控制器:Stu

[ 2015-11-27T13:32:11+08:00 ] ::1 /embahust/info.html
ERR: 非法操作:info

[ 2015-11-27T13:56:35+08:00 ] ::1 /embahust/info.html
ERR: 非法操作:info

[ 2015-11-27T13:58:46+08:00 ] ::1 /embahust/news/1.html
ERR: 非法操作:newslist

[ 2015-11-27T14:53:47+08:00 ] ::1 /embahust/tea/1.html
ERR: XML标签语法错误

[ 2015-11-27T14:53:54+08:00 ] ::1 /embahust/tea/1.html
ERR: XML标签语法错误

[ 2015-11-27T14:53:58+08:00 ] ::1 /embahust/stu/1.html
ERR: XML标签语法错误

[ 2015-11-27T14:54:02+08:00 ] ::1 /embahust/tea/2.html
ERR: XML标签语法错误

[ 2015-11-27T14:54:07+08:00 ] ::1 /embahust/news/1.html
ERR: XML标签语法错误

