[ 2015-12-07T09:15:34+08:00 ] ::1 /embahust/undefined
ERR: 无法加载控制器:Undefined

[ 2015-12-07T13:27:14+08:00 ] ::1 /embahust/undefined
ERR: 无法加载控制器:Undefined

[ 2015-12-07T13:27:29+08:00 ] ::1 /embahust/undefined
ERR: 无法加载控制器:Undefined

[ 2015-12-07T13:33:05+08:00 ] ::1 /embahust/undefined
ERR: 无法加载控制器:Undefined

[ 2015-12-07T14:27:54+08:00 ] ::1 /embahust/undefined
ERR: 无法加载控制器:Undefined

[ 2015-12-07T14:28:00+08:00 ] ::1 /embahust/undefined
ERR: 无法加载控制器:Undefined

[ 2015-12-07T14:28:28+08:00 ] ::1 /embahust/undefined
ERR: 无法加载控制器:Undefined

[ 2015-12-07T14:31:27+08:00 ] ::1 /embahust/undefined
ERR: 无法加载控制器:Undefined

[ 2015-12-07T14:33:21+08:00 ] ::1 /embahust/undefined
ERR: 无法加载控制器:Undefined

[ 2015-12-07T14:33:42+08:00 ] ::1 /embahust/undefined
ERR: 无法加载控制器:Undefined

[ 2015-12-07T14:34:09+08:00 ] ::1 /embahust/undefined
ERR: 无法加载控制器:Undefined

[ 2015-12-07T14:34:29+08:00 ] ::1 /embahust/undefined
ERR: 无法加载控制器:Undefined

[ 2015-12-07T14:35:22+08:00 ] ::1 /embahust/undefined
ERR: 无法加载控制器:Undefined

[ 2015-12-07T14:35:42+08:00 ] ::1 /embahust/undefined
ERR: 无法加载控制器:Undefined

[ 2015-12-07T14:35:54+08:00 ] ::1 /embahust/undefined
ERR: 无法加载控制器:Undefined

[ 2015-12-07T14:36:09+08:00 ] ::1 /embahust/undefined
ERR: 无法加载控制器:Undefined

[ 2015-12-07T14:36:15+08:00 ] ::1 /embahust/undefined
ERR: 无法加载控制器:Undefined

[ 2015-12-07T14:36:22+08:00 ] ::1 /embahust/undefined
ERR: 无法加载控制器:Undefined

[ 2015-12-07T14:36:31+08:00 ] ::1 /embahust/undefined
ERR: 无法加载控制器:Undefined

[ 2015-12-07T14:36:53+08:00 ] ::1 /embahust/undefined
ERR: 无法加载控制器:Undefined

[ 2015-12-07T14:37:16+08:00 ] ::1 /embahust/undefined
ERR: 无法加载控制器:Undefined

[ 2015-12-07T14:38:14+08:00 ] ::1 /embahust/undefined
ERR: 无法加载控制器:Undefined

[ 2015-12-07T14:38:46+08:00 ] ::1 /embahust/undefined
ERR: 无法加载控制器:Undefined

[ 2015-12-07T14:39:20+08:00 ] ::1 /embahust/undefined
ERR: 无法加载控制器:Undefined

[ 2015-12-07T14:39:24+08:00 ] ::1 /embahust/undefined
ERR: 无法加载控制器:Undefined

[ 2015-12-07T14:39:42+08:00 ] ::1 /embahust/undefined
ERR: 无法加载控制器:Undefined

[ 2015-12-07T14:39:52+08:00 ] ::1 /embahust/undefined
ERR: 无法加载控制器:Undefined

[ 2015-12-07T14:40:34+08:00 ] ::1 /embahust/undefined
ERR: 无法加载控制器:Undefined

[ 2015-12-07T14:40:46+08:00 ] ::1 /embahust/undefined
ERR: 无法加载控制器:Undefined

[ 2015-12-07T14:41:04+08:00 ] ::1 /embahust/undefined
ERR: 无法加载控制器:Undefined

[ 2015-12-07T14:43:35+08:00 ] ::1 /embahust/undefined
ERR: 无法加载控制器:Undefined

[ 2015-12-07T14:44:29+08:00 ] ::1 /embahust/undefined
ERR: 无法加载控制器:Undefined

[ 2015-12-07T14:46:11+08:00 ] ::1 /embahust/undefined
ERR: 无法加载控制器:Undefined

[ 2015-12-07T14:46:29+08:00 ] ::1 /embahust/undefined
ERR: 无法加载控制器:Undefined

[ 2015-12-07T14:48:09+08:00 ] ::1 /embahust/undefined
ERR: 无法加载控制器:Undefined

[ 2015-12-07T14:48:24+08:00 ] ::1 /embahust/undefined
ERR: 无法加载控制器:Undefined

[ 2015-12-07T14:48:31+08:00 ] ::1 /embahust/undefined
ERR: 无法加载控制器:Undefined

[ 2015-12-07T14:48:49+08:00 ] ::1 /embahust/undefined
ERR: 无法加载控制器:Undefined

[ 2015-12-07T22:46:01+08:00 ] ::1 /embahust/undefined
ERR: 无法加载控制器:Undefined

[ 2015-12-07T23:20:12+08:00 ] 222.20.73.28 /embahust/undefined
ERR: 无法加载控制器:Undefined

[ 2015-12-07T23:23:18+08:00 ] 222.20.73.28 /embahust/tea/
ERR: 无法加载控制器:Tea

[ 2015-12-07T23:23:21+08:00 ] 222.20.73.28 /embahust/tea/
ERR: 无法加载控制器:Tea

[ 2015-12-07T23:23:28+08:00 ] 222.20.73.28 /embahust/tea/
ERR: 无法加载控制器:Tea

[ 2015-12-07T23:24:29+08:00 ] 222.20.73.28 /embahust/tea/
ERR: 无法加载控制器:Tea

[ 2015-12-07T23:25:02+08:00 ] 222.20.73.28 /embahust/undefined
ERR: 无法加载控制器:Undefined

[ 2015-12-07T23:29:18+08:00 ] 222.20.73.28 /embahust/tea/
ERR: 无法加载控制器:Tea

[ 2015-12-07T23:32:46+08:00 ] 222.20.73.28 /embahust/undefined
ERR: 无法加载控制器:Undefined

[ 2015-12-07T23:33:35+08:00 ] 222.20.73.28 /embahust/undefined
ERR: 无法加载控制器:Undefined

[ 2015-12-07T23:33:52+08:00 ] 222.20.73.28 /embahust/tea/
ERR: 无法加载控制器:Tea

[ 2015-12-07T23:34:17+08:00 ] 222.20.73.28 /embahust/tea/
ERR: 无法加载控制器:Tea

[ 2015-12-07T23:34:41+08:00 ] 222.20.73.28 /embahust/undefined
ERR: 无法加载控制器:Undefined

[ 2015-12-07T23:35:21+08:00 ] 222.20.73.28 /embahust/tea/
ERR: 无法加载控制器:Tea

[ 2015-12-07T23:35:34+08:00 ] 222.20.73.28 /embahust/tea/
ERR: 无法加载控制器:Tea

