[ 2015-12-05T10:40:25+08:00 ] ::1 /embahust/tea/
ERR: 无法加载控制器:Tea

[ 2015-12-05T11:01:33+08:00 ] ::1 /embahust./Public/image/201512041738205757.jpgtitle=%E5%8D%8E%E4%B8%AD%E7%A7%91%E6%8A%80%E5%A4%A7%E5%AD%A6%E5%93%B2%E5%AD%A6%E7%B3%BB2005%E5%B1%8A%E6%9C%AC%E7%A7%91%E7%94%9F%E6%AF%95%E4%B8%9A%E5%8D%81%E5%91%A8%E5%B9%B4%E8%81%9A%E4%BC%9A
ERR: 无法加载控制器:Public

[ 2015-12-05T11:01:33+08:00 ] ::1 /embahust./Public/image/201512041737146971.jpgtitle=%E5%BE%B7%E5%9B%BD%E6%9F%8F%E6%9E%97%E8%87%AA%E7%94%B1%E5%A4%A7%E5%AD%A6Feger%E6%95%99%E6%8E%88%E6%9D%A5%E6%88%91%E7%B3%BB%E5%AD%A6%E6%9C%AF%E4%BA%A4%E6%B5%81
ERR: 无法加载控制器:Public

[ 2015-12-05T11:01:54+08:00 ] ::1 /embahust./Public/image/201512041738205757.jpgtitle=%E5%8D%8E%E4%B8%AD%E7%A7%91%E6%8A%80%E5%A4%A7%E5%AD%A6%E5%93%B2%E5%AD%A6%E7%B3%BB2005%E5%B1%8A%E6%9C%AC%E7%A7%91%E7%94%9F%E6%AF%95%E4%B8%9A%E5%8D%81%E5%91%A8%E5%B9%B4%E8%81%9A%E4%BC%9A
ERR: 无法加载控制器:Public

[ 2015-12-05T11:01:54+08:00 ] ::1 /embahust./Public/image/201512041737146971.jpgtitle=%E5%BE%B7%E5%9B%BD%E6%9F%8F%E6%9E%97%E8%87%AA%E7%94%B1%E5%A4%A7%E5%AD%A6Feger%E6%95%99%E6%8E%88%E6%9D%A5%E6%88%91%E7%B3%BB%E5%AD%A6%E6%9C%AF%E4%BA%A4%E6%B5%81
ERR: 无法加载控制器:Public

[ 2015-12-05T11:02:13+08:00 ] ::1 /embahust./Public/image/201512041737146971.jpgtitle=%E5%BE%B7%E5%9B%BD%E6%9F%8F%E6%9E%97%E8%87%AA%E7%94%B1%E5%A4%A7%E5%AD%A6Feger%E6%95%99%E6%8E%88%E6%9D%A5%E6%88%91%E7%B3%BB%E5%AD%A6%E6%9C%AF%E4%BA%A4%E6%B5%81
ERR: 无法加载控制器:Public

[ 2015-12-05T11:02:13+08:00 ] ::1 /embahust./Public/image/201512041738205757.jpgtitle=%E5%8D%8E%E4%B8%AD%E7%A7%91%E6%8A%80%E5%A4%A7%E5%AD%A6%E5%93%B2%E5%AD%A6%E7%B3%BB2005%E5%B1%8A%E6%9C%AC%E7%A7%91%E7%94%9F%E6%AF%95%E4%B8%9A%E5%8D%81%E5%91%A8%E5%B9%B4%E8%81%9A%E4%BC%9A
ERR: 无法加载控制器:Public

[ 2015-12-05T11:02:55+08:00 ] ::1 /embahust./Public/image/201512041738205757.jpgtitle=%E5%8D%8E%E4%B8%AD%E7%A7%91%E6%8A%80%E5%A4%A7%E5%AD%A6%E5%93%B2%E5%AD%A6%E7%B3%BB2005%E5%B1%8A%E6%9C%AC%E7%A7%91%E7%94%9F%E6%AF%95%E4%B8%9A%E5%8D%81%E5%91%A8%E5%B9%B4%E8%81%9A%E4%BC%9A
ERR: 无法加载控制器:Public

[ 2015-12-05T11:02:55+08:00 ] ::1 /embahust./Public/image/201512041737146971.jpgtitle=%E5%BE%B7%E5%9B%BD%E6%9F%8F%E6%9E%97%E8%87%AA%E7%94%B1%E5%A4%A7%E5%AD%A6Feger%E6%95%99%E6%8E%88%E6%9D%A5%E6%88%91%E7%B3%BB%E5%AD%A6%E6%9C%AF%E4%BA%A4%E6%B5%81
ERR: 无法加载控制器:Public

[ 2015-12-05T11:05:04+08:00 ] ::1 /embahust./Public/image/201512041738205757.jpgtitle=%E5%8D%8E%E4%B8%AD%E7%A7%91%E6%8A%80%E5%A4%A7%E5%AD%A6%E5%93%B2%E5%AD%A6%E7%B3%BB2005%E5%B1%8A%E6%9C%AC%E7%A7%91%E7%94%9F%E6%AF%95%E4%B8%9A%E5%8D%81%E5%91%A8%E5%B9%B4%E8%81%9A%E4%BC%9A
ERR: 无法加载控制器:Public

[ 2015-12-05T11:05:04+08:00 ] ::1 /embahust./Public/image/201512041737146971.jpgtitle=%E5%BE%B7%E5%9B%BD%E6%9F%8F%E6%9E%97%E8%87%AA%E7%94%B1%E5%A4%A7%E5%AD%A6Feger%E6%95%99%E6%8E%88%E6%9D%A5%E6%88%91%E7%B3%BB%E5%AD%A6%E6%9C%AF%E4%BA%A4%E6%B5%81
ERR: 无法加载控制器:Public

[ 2015-12-05T11:05:53+08:00 ] 222.20.58.44 /embahust./Public/image/201512041738205757.jpgtitle=%E5%8D%8E%E4%B8%AD%E7%A7%91%E6%8A%80%E5%A4%A7%E5%AD%A6%E5%93%B2%E5%AD%A6%E7%B3%BB2005%E5%B1%8A%E6%9C%AC%E7%A7%91%E7%94%9F%E6%AF%95%E4%B8%9A%E5%8D%81%E5%91%A8%E5%B9%B4%E8%81%9A%E4%BC%9A
ERR: 无法加载控制器:Public

[ 2015-12-05T11:05:53+08:00 ] 222.20.58.44 /embahust./Public/image/201512041737146971.jpgtitle=%E5%BE%B7%E5%9B%BD%E6%9F%8F%E6%9E%97%E8%87%AA%E7%94%B1%E5%A4%A7%E5%AD%A6Feger%E6%95%99%E6%8E%88%E6%9D%A5%E6%88%91%E7%B3%BB%E5%AD%A6%E6%9C%AF%E4%BA%A4%E6%B5%81
ERR: 无法加载控制器:Public

[ 2015-12-05T11:05:56+08:00 ] ::1 /embahust./Public/image/201512041737146971.jpgtitle=%E5%BE%B7%E5%9B%BD%E6%9F%8F%E6%9E%97%E8%87%AA%E7%94%B1%E5%A4%A7%E5%AD%A6Feger%E6%95%99%E6%8E%88%E6%9D%A5%E6%88%91%E7%B3%BB%E5%AD%A6%E6%9C%AF%E4%BA%A4%E6%B5%81
ERR: 无法加载控制器:Public

[ 2015-12-05T11:05:56+08:00 ] ::1 /embahust./Public/image/201512041738205757.jpgtitle=%E5%8D%8E%E4%B8%AD%E7%A7%91%E6%8A%80%E5%A4%A7%E5%AD%A6%E5%93%B2%E5%AD%A6%E7%B3%BB2005%E5%B1%8A%E6%9C%AC%E7%A7%91%E7%94%9F%E6%AF%95%E4%B8%9A%E5%8D%81%E5%91%A8%E5%B9%B4%E8%81%9A%E4%BC%9A
ERR: 无法加载控制器:Public

[ 2015-12-05T11:08:33+08:00 ] ::1 /embahust./Public/image/201512041737146971.jpgtitle=%E5%BE%B7%E5%9B%BD%E6%9F%8F%E6%9E%97%E8%87%AA%E7%94%B1%E5%A4%A7%E5%AD%A6Feger%E6%95%99%E6%8E%88%E6%9D%A5%E6%88%91%E7%B3%BB%E5%AD%A6%E6%9C%AF%E4%BA%A4%E6%B5%81
ERR: 无法加载控制器:Public

[ 2015-12-05T11:08:33+08:00 ] ::1 /embahust./Public/image/201512041738205757.jpgtitle=%E5%8D%8E%E4%B8%AD%E7%A7%91%E6%8A%80%E5%A4%A7%E5%AD%A6%E5%93%B2%E5%AD%A6%E7%B3%BB2005%E5%B1%8A%E6%9C%AC%E7%A7%91%E7%94%9F%E6%AF%95%E4%B8%9A%E5%8D%81%E5%91%A8%E5%B9%B4%E8%81%9A%E4%BC%9A
ERR: 无法加载控制器:Public

[ 2015-12-05T11:10:09+08:00 ] ::1 /embahust./Public/image/201512041738205757.jpgtitle=%E5%8D%8E%E4%B8%AD%E7%A7%91%E6%8A%80%E5%A4%A7%E5%AD%A6%E5%93%B2%E5%AD%A6%E7%B3%BB2005%E5%B1%8A%E6%9C%AC%E7%A7%91%E7%94%9F%E6%AF%95%E4%B8%9A%E5%8D%81%E5%91%A8%E5%B9%B4%E8%81%9A%E4%BC%9A
ERR: 无法加载控制器:Public

[ 2015-12-05T11:10:09+08:00 ] ::1 /embahust./Public/image/201512041737146971.jpgtitle=%E5%BE%B7%E5%9B%BD%E6%9F%8F%E6%9E%97%E8%87%AA%E7%94%B1%E5%A4%A7%E5%AD%A6Feger%E6%95%99%E6%8E%88%E6%9D%A5%E6%88%91%E7%B3%BB%E5%AD%A6%E6%9C%AF%E4%BA%A4%E6%B5%81
ERR: 无法加载控制器:Public

[ 2015-12-05T11:10:25+08:00 ] ::1 /embahust./Public/image/201512041738205757.jpgtitle=%E5%8D%8E%E4%B8%AD%E7%A7%91%E6%8A%80%E5%A4%A7%E5%AD%A6%E5%93%B2%E5%AD%A6%E7%B3%BB2005%E5%B1%8A%E6%9C%AC%E7%A7%91%E7%94%9F%E6%AF%95%E4%B8%9A%E5%8D%81%E5%91%A8%E5%B9%B4%E8%81%9A%E4%BC%9A
ERR: 无法加载控制器:Public

[ 2015-12-05T11:10:25+08:00 ] ::1 /embahust./Public/image/201512041737146971.jpgtitle=%E5%BE%B7%E5%9B%BD%E6%9F%8F%E6%9E%97%E8%87%AA%E7%94%B1%E5%A4%A7%E5%AD%A6Feger%E6%95%99%E6%8E%88%E6%9D%A5%E6%88%91%E7%B3%BB%E5%AD%A6%E6%9C%AF%E4%BA%A4%E6%B5%81
ERR: 无法加载控制器:Public

[ 2015-12-05T11:10:37+08:00 ] ::1 /embahust./Public/image/201512041737146971.jpgtitle=%E5%BE%B7%E5%9B%BD%E6%9F%8F%E6%9E%97%E8%87%AA%E7%94%B1%E5%A4%A7%E5%AD%A6Feger%E6%95%99%E6%8E%88%E6%9D%A5%E6%88%91%E7%B3%BB%E5%AD%A6%E6%9C%AF%E4%BA%A4%E6%B5%81
ERR: 无法加载控制器:Public

[ 2015-12-05T11:10:37+08:00 ] ::1 /embahust./Public/image/201512041738205757.jpgtitle=%E5%8D%8E%E4%B8%AD%E7%A7%91%E6%8A%80%E5%A4%A7%E5%AD%A6%E5%93%B2%E5%AD%A6%E7%B3%BB2005%E5%B1%8A%E6%9C%AC%E7%A7%91%E7%94%9F%E6%AF%95%E4%B8%9A%E5%8D%81%E5%91%A8%E5%B9%B4%E8%81%9A%E4%BC%9A
ERR: 无法加载控制器:Public

[ 2015-12-05T11:12:18+08:00 ] ::1 /embahust./Public/image/201512041737146971.jpgtitle=%E5%BE%B7%E5%9B%BD%E6%9F%8F%E6%9E%97%E8%87%AA%E7%94%B1%E5%A4%A7%E5%AD%A6Feger%E6%95%99%E6%8E%88%E6%9D%A5%E6%88%91%E7%B3%BB%E5%AD%A6%E6%9C%AF%E4%BA%A4%E6%B5%81
ERR: 无法加载控制器:Public

[ 2015-12-05T11:12:18+08:00 ] ::1 /embahust./Public/image/201512041738205757.jpgtitle=%E5%8D%8E%E4%B8%AD%E7%A7%91%E6%8A%80%E5%A4%A7%E5%AD%A6%E5%93%B2%E5%AD%A6%E7%B3%BB2005%E5%B1%8A%E6%9C%AC%E7%A7%91%E7%94%9F%E6%AF%95%E4%B8%9A%E5%8D%81%E5%91%A8%E5%B9%B4%E8%81%9A%E4%BC%9A
ERR: 无法加载控制器:Public

[ 2015-12-05T11:13:08+08:00 ] ::1 /embahust./Public/image/201512041737146971.jpgtitle=%E5%BE%B7%E5%9B%BD%E6%9F%8F%E6%9E%97%E8%87%AA%E7%94%B1%E5%A4%A7%E5%AD%A6Feger%E6%95%99%E6%8E%88%E6%9D%A5%E6%88%91%E7%B3%BB%E5%AD%A6%E6%9C%AF%E4%BA%A4%E6%B5%81
ERR: 无法加载控制器:Public

[ 2015-12-05T11:13:08+08:00 ] ::1 /embahust./Public/image/201512041738205757.jpgtitle=%E5%8D%8E%E4%B8%AD%E7%A7%91%E6%8A%80%E5%A4%A7%E5%AD%A6%E5%93%B2%E5%AD%A6%E7%B3%BB2005%E5%B1%8A%E6%9C%AC%E7%A7%91%E7%94%9F%E6%AF%95%E4%B8%9A%E5%8D%81%E5%91%A8%E5%B9%B4%E8%81%9A%E4%BC%9A
ERR: 无法加载控制器:Public

[ 2015-12-05T11:13:12+08:00 ] ::1 /embahust./Public/image/201512041738205757.jpgtitle=%E5%8D%8E%E4%B8%AD%E7%A7%91%E6%8A%80%E5%A4%A7%E5%AD%A6%E5%93%B2%E5%AD%A6%E7%B3%BB2005%E5%B1%8A%E6%9C%AC%E7%A7%91%E7%94%9F%E6%AF%95%E4%B8%9A%E5%8D%81%E5%91%A8%E5%B9%B4%E8%81%9A%E4%BC%9A
ERR: 无法加载控制器:Public

[ 2015-12-05T11:13:12+08:00 ] ::1 /embahust./Public/image/201512041737146971.jpgtitle=%E5%BE%B7%E5%9B%BD%E6%9F%8F%E6%9E%97%E8%87%AA%E7%94%B1%E5%A4%A7%E5%AD%A6Feger%E6%95%99%E6%8E%88%E6%9D%A5%E6%88%91%E7%B3%BB%E5%AD%A6%E6%9C%AF%E4%BA%A4%E6%B5%81
ERR: 无法加载控制器:Public

[ 2015-12-05T11:13:50+08:00 ] ::1 /embahust./Public/image/201512041738205757.jpgtitle=%E5%8D%8E%E4%B8%AD%E7%A7%91%E6%8A%80%E5%A4%A7%E5%AD%A6%E5%93%B2%E5%AD%A6%E7%B3%BB2005%E5%B1%8A%E6%9C%AC%E7%A7%91%E7%94%9F%E6%AF%95%E4%B8%9A%E5%8D%81%E5%91%A8%E5%B9%B4%E8%81%9A%E4%BC%9A
ERR: 无法加载控制器:Public

[ 2015-12-05T11:13:50+08:00 ] ::1 /embahust./Public/image/201512041737146971.jpgtitle=%E5%BE%B7%E5%9B%BD%E6%9F%8F%E6%9E%97%E8%87%AA%E7%94%B1%E5%A4%A7%E5%AD%A6Feger%E6%95%99%E6%8E%88%E6%9D%A5%E6%88%91%E7%B3%BB%E5%AD%A6%E6%9C%AF%E4%BA%A4%E6%B5%81
ERR: 无法加载控制器:Public

[ 2015-12-05T11:17:47+08:00 ] ::1 /embahust./Public/image/201512041737146971.jpgtitle=%E5%BE%B7%E5%9B%BD%E6%9F%8F%E6%9E%97%E8%87%AA%E7%94%B1%E5%A4%A7%E5%AD%A6Feger%E6%95%99%E6%8E%88%E6%9D%A5%E6%88%91%E7%B3%BB%E5%AD%A6%E6%9C%AF%E4%BA%A4%E6%B5%81
ERR: 无法加载控制器:Public

[ 2015-12-05T11:17:47+08:00 ] ::1 /embahust./Public/image/201512041738205757.jpgtitle=%E5%8D%8E%E4%B8%AD%E7%A7%91%E6%8A%80%E5%A4%A7%E5%AD%A6%E5%93%B2%E5%AD%A6%E7%B3%BB2005%E5%B1%8A%E6%9C%AC%E7%A7%91%E7%94%9F%E6%AF%95%E4%B8%9A%E5%8D%81%E5%91%A8%E5%B9%B4%E8%81%9A%E4%BC%9A
ERR: 无法加载控制器:Public

[ 2015-12-05T11:17:50+08:00 ] ::1 /embahust./Public/image/201512041737146971.jpgtitle=%E5%BE%B7%E5%9B%BD%E6%9F%8F%E6%9E%97%E8%87%AA%E7%94%B1%E5%A4%A7%E5%AD%A6Feger%E6%95%99%E6%8E%88%E6%9D%A5%E6%88%91%E7%B3%BB%E5%AD%A6%E6%9C%AF%E4%BA%A4%E6%B5%81
ERR: 无法加载控制器:Public

[ 2015-12-05T11:17:50+08:00 ] ::1 /embahust./Public/image/201512041738205757.jpgtitle=%E5%8D%8E%E4%B8%AD%E7%A7%91%E6%8A%80%E5%A4%A7%E5%AD%A6%E5%93%B2%E5%AD%A6%E7%B3%BB2005%E5%B1%8A%E6%9C%AC%E7%A7%91%E7%94%9F%E6%AF%95%E4%B8%9A%E5%8D%81%E5%91%A8%E5%B9%B4%E8%81%9A%E4%BC%9A
ERR: 无法加载控制器:Public

[ 2015-12-05T11:17:53+08:00 ] ::1 /embahust./Public/image/201512041738205757.jpgtitle=%E5%8D%8E%E4%B8%AD%E7%A7%91%E6%8A%80%E5%A4%A7%E5%AD%A6%E5%93%B2%E5%AD%A6%E7%B3%BB2005%E5%B1%8A%E6%9C%AC%E7%A7%91%E7%94%9F%E6%AF%95%E4%B8%9A%E5%8D%81%E5%91%A8%E5%B9%B4%E8%81%9A%E4%BC%9A
ERR: 无法加载控制器:Public

[ 2015-12-05T11:17:53+08:00 ] ::1 /embahust./Public/image/201512041737146971.jpgtitle=%E5%BE%B7%E5%9B%BD%E6%9F%8F%E6%9E%97%E8%87%AA%E7%94%B1%E5%A4%A7%E5%AD%A6Feger%E6%95%99%E6%8E%88%E6%9D%A5%E6%88%91%E7%B3%BB%E5%AD%A6%E6%9C%AF%E4%BA%A4%E6%B5%81
ERR: 无法加载控制器:Public

[ 2015-12-05T11:17:54+08:00 ] ::1 /embahust./Public/image/201512041737146971.jpgtitle=%E5%BE%B7%E5%9B%BD%E6%9F%8F%E6%9E%97%E8%87%AA%E7%94%B1%E5%A4%A7%E5%AD%A6Feger%E6%95%99%E6%8E%88%E6%9D%A5%E6%88%91%E7%B3%BB%E5%AD%A6%E6%9C%AF%E4%BA%A4%E6%B5%81
ERR: 无法加载控制器:Public

[ 2015-12-05T11:17:54+08:00 ] ::1 /embahust./Public/image/201512041738205757.jpgtitle=%E5%8D%8E%E4%B8%AD%E7%A7%91%E6%8A%80%E5%A4%A7%E5%AD%A6%E5%93%B2%E5%AD%A6%E7%B3%BB2005%E5%B1%8A%E6%9C%AC%E7%A7%91%E7%94%9F%E6%AF%95%E4%B8%9A%E5%8D%81%E5%91%A8%E5%B9%B4%E8%81%9A%E4%BC%9A
ERR: 无法加载控制器:Public

[ 2015-12-05T11:18:00+08:00 ] ::1 /embahust./Public/image/201512041737146971.jpgtitle=%E5%BE%B7%E5%9B%BD%E6%9F%8F%E6%9E%97%E8%87%AA%E7%94%B1%E5%A4%A7%E5%AD%A6Feger%E6%95%99%E6%8E%88%E6%9D%A5%E6%88%91%E7%B3%BB%E5%AD%A6%E6%9C%AF%E4%BA%A4%E6%B5%81
ERR: 无法加载控制器:Public

[ 2015-12-05T11:18:00+08:00 ] ::1 /embahust./Public/image/201512041738205757.jpgtitle=%E5%8D%8E%E4%B8%AD%E7%A7%91%E6%8A%80%E5%A4%A7%E5%AD%A6%E5%93%B2%E5%AD%A6%E7%B3%BB2005%E5%B1%8A%E6%9C%AC%E7%A7%91%E7%94%9F%E6%AF%95%E4%B8%9A%E5%8D%81%E5%91%A8%E5%B9%B4%E8%81%9A%E4%BC%9A
ERR: 无法加载控制器:Public

[ 2015-12-05T11:18:01+08:00 ] ::1 /embahust./Public/image/201512041737146971.jpgtitle=%E5%BE%B7%E5%9B%BD%E6%9F%8F%E6%9E%97%E8%87%AA%E7%94%B1%E5%A4%A7%E5%AD%A6Feger%E6%95%99%E6%8E%88%E6%9D%A5%E6%88%91%E7%B3%BB%E5%AD%A6%E6%9C%AF%E4%BA%A4%E6%B5%81
ERR: 无法加载控制器:Public

[ 2015-12-05T11:18:01+08:00 ] ::1 /embahust./Public/image/201512041738205757.jpgtitle=%E5%8D%8E%E4%B8%AD%E7%A7%91%E6%8A%80%E5%A4%A7%E5%AD%A6%E5%93%B2%E5%AD%A6%E7%B3%BB2005%E5%B1%8A%E6%9C%AC%E7%A7%91%E7%94%9F%E6%AF%95%E4%B8%9A%E5%8D%81%E5%91%A8%E5%B9%B4%E8%81%9A%E4%BC%9A
ERR: 无法加载控制器:Public

[ 2015-12-05T11:18:18+08:00 ] ::1 /embahust./Public/image/201512041737146971.jpgtitle=%E5%BE%B7%E5%9B%BD%E6%9F%8F%E6%9E%97%E8%87%AA%E7%94%B1%E5%A4%A7%E5%AD%A6Feger%E6%95%99%E6%8E%88%E6%9D%A5%E6%88%91%E7%B3%BB%E5%AD%A6%E6%9C%AF%E4%BA%A4%E6%B5%81
ERR: 无法加载控制器:Public

[ 2015-12-05T11:18:18+08:00 ] ::1 /embahust./Public/image/201512041738205757.jpgtitle=%E5%8D%8E%E4%B8%AD%E7%A7%91%E6%8A%80%E5%A4%A7%E5%AD%A6%E5%93%B2%E5%AD%A6%E7%B3%BB2005%E5%B1%8A%E6%9C%AC%E7%A7%91%E7%94%9F%E6%AF%95%E4%B8%9A%E5%8D%81%E5%91%A8%E5%B9%B4%E8%81%9A%E4%BC%9A
ERR: 无法加载控制器:Public

[ 2015-12-05T11:18:40+08:00 ] ::1 /embahust./Public/image/201512041737146971.jpgtitle=%E5%BE%B7%E5%9B%BD%E6%9F%8F%E6%9E%97%E8%87%AA%E7%94%B1%E5%A4%A7%E5%AD%A6Feger%E6%95%99%E6%8E%88%E6%9D%A5%E6%88%91%E7%B3%BB%E5%AD%A6%E6%9C%AF%E4%BA%A4%E6%B5%81
ERR: 无法加载控制器:Public

[ 2015-12-05T11:18:40+08:00 ] ::1 /embahust./Public/image/201512041738205757.jpgtitle=%E5%8D%8E%E4%B8%AD%E7%A7%91%E6%8A%80%E5%A4%A7%E5%AD%A6%E5%93%B2%E5%AD%A6%E7%B3%BB2005%E5%B1%8A%E6%9C%AC%E7%A7%91%E7%94%9F%E6%AF%95%E4%B8%9A%E5%8D%81%E5%91%A8%E5%B9%B4%E8%81%9A%E4%BC%9A
ERR: 无法加载控制器:Public

[ 2015-12-05T11:18:46+08:00 ] ::1 /embahust./Public/image/201512041737146971.jpgtitle=%E5%BE%B7%E5%9B%BD%E6%9F%8F%E6%9E%97%E8%87%AA%E7%94%B1%E5%A4%A7%E5%AD%A6Feger%E6%95%99%E6%8E%88%E6%9D%A5%E6%88%91%E7%B3%BB%E5%AD%A6%E6%9C%AF%E4%BA%A4%E6%B5%81
ERR: 无法加载控制器:Public

[ 2015-12-05T11:18:46+08:00 ] ::1 /embahust./Public/image/201512041738205757.jpgtitle=%E5%8D%8E%E4%B8%AD%E7%A7%91%E6%8A%80%E5%A4%A7%E5%AD%A6%E5%93%B2%E5%AD%A6%E7%B3%BB2005%E5%B1%8A%E6%9C%AC%E7%A7%91%E7%94%9F%E6%AF%95%E4%B8%9A%E5%8D%81%E5%91%A8%E5%B9%B4%E8%81%9A%E4%BC%9A
ERR: 无法加载控制器:Public

[ 2015-12-05T11:19:25+08:00 ] ::1 /embahust./Public/image/201512041737146971.jpgtitle=%E5%BE%B7%E5%9B%BD%E6%9F%8F%E6%9E%97%E8%87%AA%E7%94%B1%E5%A4%A7%E5%AD%A6Feger%E6%95%99%E6%8E%88%E6%9D%A5%E6%88%91%E7%B3%BB%E5%AD%A6%E6%9C%AF%E4%BA%A4%E6%B5%81
ERR: 无法加载控制器:Public

[ 2015-12-05T11:19:25+08:00 ] ::1 /embahust./Public/image/201512041738205757.jpgtitle=%E5%8D%8E%E4%B8%AD%E7%A7%91%E6%8A%80%E5%A4%A7%E5%AD%A6%E5%93%B2%E5%AD%A6%E7%B3%BB2005%E5%B1%8A%E6%9C%AC%E7%A7%91%E7%94%9F%E6%AF%95%E4%B8%9A%E5%8D%81%E5%91%A8%E5%B9%B4%E8%81%9A%E4%BC%9A
ERR: 无法加载控制器:Public

[ 2015-12-05T11:19:28+08:00 ] ::1 /embahust./Public/image/201512041737146971.jpgtitle=%E5%BE%B7%E5%9B%BD%E6%9F%8F%E6%9E%97%E8%87%AA%E7%94%B1%E5%A4%A7%E5%AD%A6Feger%E6%95%99%E6%8E%88%E6%9D%A5%E6%88%91%E7%B3%BB%E5%AD%A6%E6%9C%AF%E4%BA%A4%E6%B5%81
ERR: 无法加载控制器:Public

[ 2015-12-05T11:19:28+08:00 ] ::1 /embahust./Public/image/201512041738205757.jpgtitle=%E5%8D%8E%E4%B8%AD%E7%A7%91%E6%8A%80%E5%A4%A7%E5%AD%A6%E5%93%B2%E5%AD%A6%E7%B3%BB2005%E5%B1%8A%E6%9C%AC%E7%A7%91%E7%94%9F%E6%AF%95%E4%B8%9A%E5%8D%81%E5%91%A8%E5%B9%B4%E8%81%9A%E4%BC%9A
ERR: 无法加载控制器:Public

[ 2015-12-05T11:19:29+08:00 ] ::1 /embahust./Public/image/201512041738205757.jpgtitle=%E5%8D%8E%E4%B8%AD%E7%A7%91%E6%8A%80%E5%A4%A7%E5%AD%A6%E5%93%B2%E5%AD%A6%E7%B3%BB2005%E5%B1%8A%E6%9C%AC%E7%A7%91%E7%94%9F%E6%AF%95%E4%B8%9A%E5%8D%81%E5%91%A8%E5%B9%B4%E8%81%9A%E4%BC%9A
ERR: 无法加载控制器:Public

[ 2015-12-05T11:19:29+08:00 ] ::1 /embahust./Public/image/201512041737146971.jpgtitle=%E5%BE%B7%E5%9B%BD%E6%9F%8F%E6%9E%97%E8%87%AA%E7%94%B1%E5%A4%A7%E5%AD%A6Feger%E6%95%99%E6%8E%88%E6%9D%A5%E6%88%91%E7%B3%BB%E5%AD%A6%E6%9C%AF%E4%BA%A4%E6%B5%81
ERR: 无法加载控制器:Public

[ 2015-12-05T11:19:30+08:00 ] ::1 /embahust./Public/image/201512041737146971.jpgtitle=%E5%BE%B7%E5%9B%BD%E6%9F%8F%E6%9E%97%E8%87%AA%E7%94%B1%E5%A4%A7%E5%AD%A6Feger%E6%95%99%E6%8E%88%E6%9D%A5%E6%88%91%E7%B3%BB%E5%AD%A6%E6%9C%AF%E4%BA%A4%E6%B5%81
ERR: 无法加载控制器:Public

[ 2015-12-05T11:19:30+08:00 ] ::1 /embahust./Public/image/201512041738205757.jpgtitle=%E5%8D%8E%E4%B8%AD%E7%A7%91%E6%8A%80%E5%A4%A7%E5%AD%A6%E5%93%B2%E5%AD%A6%E7%B3%BB2005%E5%B1%8A%E6%9C%AC%E7%A7%91%E7%94%9F%E6%AF%95%E4%B8%9A%E5%8D%81%E5%91%A8%E5%B9%B4%E8%81%9A%E4%BC%9A
ERR: 无法加载控制器:Public

[ 2015-12-05T11:20:36+08:00 ] ::1 /embahust./Public/image/201512041738205757.jpgtitle=%E5%8D%8E%E4%B8%AD%E7%A7%91%E6%8A%80%E5%A4%A7%E5%AD%A6%E5%93%B2%E5%AD%A6%E7%B3%BB2005%E5%B1%8A%E6%9C%AC%E7%A7%91%E7%94%9F%E6%AF%95%E4%B8%9A%E5%8D%81%E5%91%A8%E5%B9%B4%E8%81%9A%E4%BC%9A
ERR: 无法加载控制器:Public

[ 2015-12-05T11:20:36+08:00 ] ::1 /embahust./Public/image/201512041737146971.jpgtitle=%E5%BE%B7%E5%9B%BD%E6%9F%8F%E6%9E%97%E8%87%AA%E7%94%B1%E5%A4%A7%E5%AD%A6Feger%E6%95%99%E6%8E%88%E6%9D%A5%E6%88%91%E7%B3%BB%E5%AD%A6%E6%9C%AF%E4%BA%A4%E6%B5%81
ERR: 无法加载控制器:Public

[ 2015-12-05T11:20:42+08:00 ] ::1 /embahust./Public/image/201512041737146971.jpgtitle=%E5%BE%B7%E5%9B%BD%E6%9F%8F%E6%9E%97%E8%87%AA%E7%94%B1%E5%A4%A7%E5%AD%A6Feger%E6%95%99%E6%8E%88%E6%9D%A5%E6%88%91%E7%B3%BB%E5%AD%A6%E6%9C%AF%E4%BA%A4%E6%B5%81
ERR: 无法加载控制器:Public

[ 2015-12-05T11:20:42+08:00 ] ::1 /embahust./Public/image/201512041738205757.jpgtitle=%E5%8D%8E%E4%B8%AD%E7%A7%91%E6%8A%80%E5%A4%A7%E5%AD%A6%E5%93%B2%E5%AD%A6%E7%B3%BB2005%E5%B1%8A%E6%9C%AC%E7%A7%91%E7%94%9F%E6%AF%95%E4%B8%9A%E5%8D%81%E5%91%A8%E5%B9%B4%E8%81%9A%E4%BC%9A
ERR: 无法加载控制器:Public

[ 2015-12-05T11:20:44+08:00 ] ::1 /embahust./Public/image/201512041737146971.jpgtitle=%E5%BE%B7%E5%9B%BD%E6%9F%8F%E6%9E%97%E8%87%AA%E7%94%B1%E5%A4%A7%E5%AD%A6Feger%E6%95%99%E6%8E%88%E6%9D%A5%E6%88%91%E7%B3%BB%E5%AD%A6%E6%9C%AF%E4%BA%A4%E6%B5%81
ERR: 无法加载控制器:Public

[ 2015-12-05T11:20:44+08:00 ] ::1 /embahust./Public/image/201512041738205757.jpgtitle=%E5%8D%8E%E4%B8%AD%E7%A7%91%E6%8A%80%E5%A4%A7%E5%AD%A6%E5%93%B2%E5%AD%A6%E7%B3%BB2005%E5%B1%8A%E6%9C%AC%E7%A7%91%E7%94%9F%E6%AF%95%E4%B8%9A%E5%8D%81%E5%91%A8%E5%B9%B4%E8%81%9A%E4%BC%9A
ERR: 无法加载控制器:Public

[ 2015-12-05T11:20:45+08:00 ] ::1 /embahust./Public/image/201512041737146971.jpgtitle=%E5%BE%B7%E5%9B%BD%E6%9F%8F%E6%9E%97%E8%87%AA%E7%94%B1%E5%A4%A7%E5%AD%A6Feger%E6%95%99%E6%8E%88%E6%9D%A5%E6%88%91%E7%B3%BB%E5%AD%A6%E6%9C%AF%E4%BA%A4%E6%B5%81
ERR: 无法加载控制器:Public

[ 2015-12-05T11:20:45+08:00 ] ::1 /embahust./Public/image/201512041738205757.jpgtitle=%E5%8D%8E%E4%B8%AD%E7%A7%91%E6%8A%80%E5%A4%A7%E5%AD%A6%E5%93%B2%E5%AD%A6%E7%B3%BB2005%E5%B1%8A%E6%9C%AC%E7%A7%91%E7%94%9F%E6%AF%95%E4%B8%9A%E5%8D%81%E5%91%A8%E5%B9%B4%E8%81%9A%E4%BC%9A
ERR: 无法加载控制器:Public

[ 2015-12-05T11:20:46+08:00 ] ::1 /embahust./Public/image/201512041737146971.jpgtitle=%E5%BE%B7%E5%9B%BD%E6%9F%8F%E6%9E%97%E8%87%AA%E7%94%B1%E5%A4%A7%E5%AD%A6Feger%E6%95%99%E6%8E%88%E6%9D%A5%E6%88%91%E7%B3%BB%E5%AD%A6%E6%9C%AF%E4%BA%A4%E6%B5%81
ERR: 无法加载控制器:Public

[ 2015-12-05T11:20:46+08:00 ] ::1 /embahust./Public/image/201512041738205757.jpgtitle=%E5%8D%8E%E4%B8%AD%E7%A7%91%E6%8A%80%E5%A4%A7%E5%AD%A6%E5%93%B2%E5%AD%A6%E7%B3%BB2005%E5%B1%8A%E6%9C%AC%E7%A7%91%E7%94%9F%E6%AF%95%E4%B8%9A%E5%8D%81%E5%91%A8%E5%B9%B4%E8%81%9A%E4%BC%9A
ERR: 无法加载控制器:Public

[ 2015-12-05T11:21:01+08:00 ] ::1 /embahust./Public/image/201512041737146971.jpgtitle=%E5%BE%B7%E5%9B%BD%E6%9F%8F%E6%9E%97%E8%87%AA%E7%94%B1%E5%A4%A7%E5%AD%A6Feger%E6%95%99%E6%8E%88%E6%9D%A5%E6%88%91%E7%B3%BB%E5%AD%A6%E6%9C%AF%E4%BA%A4%E6%B5%81
ERR: 无法加载控制器:Public

[ 2015-12-05T11:21:01+08:00 ] ::1 /embahust./Public/image/201512041738205757.jpgtitle=%E5%8D%8E%E4%B8%AD%E7%A7%91%E6%8A%80%E5%A4%A7%E5%AD%A6%E5%93%B2%E5%AD%A6%E7%B3%BB2005%E5%B1%8A%E6%9C%AC%E7%A7%91%E7%94%9F%E6%AF%95%E4%B8%9A%E5%8D%81%E5%91%A8%E5%B9%B4%E8%81%9A%E4%BC%9A
ERR: 无法加载控制器:Public

[ 2015-12-05T11:21:24+08:00 ] ::1 /embahust./Public/image/201512041738205757.jpgtitle=%E5%8D%8E%E4%B8%AD%E7%A7%91%E6%8A%80%E5%A4%A7%E5%AD%A6%E5%93%B2%E5%AD%A6%E7%B3%BB2005%E5%B1%8A%E6%9C%AC%E7%A7%91%E7%94%9F%E6%AF%95%E4%B8%9A%E5%8D%81%E5%91%A8%E5%B9%B4%E8%81%9A%E4%BC%9A
ERR: 无法加载控制器:Public

[ 2015-12-05T11:21:24+08:00 ] ::1 /embahust./Public/image/201512041737146971.jpgtitle=%E5%BE%B7%E5%9B%BD%E6%9F%8F%E6%9E%97%E8%87%AA%E7%94%B1%E5%A4%A7%E5%AD%A6Feger%E6%95%99%E6%8E%88%E6%9D%A5%E6%88%91%E7%B3%BB%E5%AD%A6%E6%9C%AF%E4%BA%A4%E6%B5%81
ERR: 无法加载控制器:Public

[ 2015-12-05T11:22:30+08:00 ] ::1 /embahust./Public/image/201512041737146971.jpgtitle=%E5%BE%B7%E5%9B%BD%E6%9F%8F%E6%9E%97%E8%87%AA%E7%94%B1%E5%A4%A7%E5%AD%A6Feger%E6%95%99%E6%8E%88%E6%9D%A5%E6%88%91%E7%B3%BB%E5%AD%A6%E6%9C%AF%E4%BA%A4%E6%B5%81
ERR: 无法加载控制器:Public

[ 2015-12-05T11:22:30+08:00 ] ::1 /embahust./Public/image/201512041738205757.jpgtitle=%E5%8D%8E%E4%B8%AD%E7%A7%91%E6%8A%80%E5%A4%A7%E5%AD%A6%E5%93%B2%E5%AD%A6%E7%B3%BB2005%E5%B1%8A%E6%9C%AC%E7%A7%91%E7%94%9F%E6%AF%95%E4%B8%9A%E5%8D%81%E5%91%A8%E5%B9%B4%E8%81%9A%E4%BC%9A
ERR: 无法加载控制器:Public

[ 2015-12-05T11:23:25+08:00 ] ::1 /embahust./Public/image/201512041737146971.jpgtitle=%E5%BE%B7%E5%9B%BD%E6%9F%8F%E6%9E%97%E8%87%AA%E7%94%B1%E5%A4%A7%E5%AD%A6Feger%E6%95%99%E6%8E%88%E6%9D%A5%E6%88%91%E7%B3%BB%E5%AD%A6%E6%9C%AF%E4%BA%A4%E6%B5%81
ERR: 无法加载控制器:Public

[ 2015-12-05T11:23:25+08:00 ] ::1 /embahust./Public/image/201512041738205757.jpgtitle=%E5%8D%8E%E4%B8%AD%E7%A7%91%E6%8A%80%E5%A4%A7%E5%AD%A6%E5%93%B2%E5%AD%A6%E7%B3%BB2005%E5%B1%8A%E6%9C%AC%E7%A7%91%E7%94%9F%E6%AF%95%E4%B8%9A%E5%8D%81%E5%91%A8%E5%B9%B4%E8%81%9A%E4%BC%9A
ERR: 无法加载控制器:Public

[ 2015-12-05T11:23:40+08:00 ] ::1 /embahust./Public/image/201512041738205757.jpgtitle=%E5%8D%8E%E4%B8%AD%E7%A7%91%E6%8A%80%E5%A4%A7%E5%AD%A6%E5%93%B2%E5%AD%A6%E7%B3%BB2005%E5%B1%8A%E6%9C%AC%E7%A7%91%E7%94%9F%E6%AF%95%E4%B8%9A%E5%8D%81%E5%91%A8%E5%B9%B4%E8%81%9A%E4%BC%9A
ERR: 无法加载控制器:Public

[ 2015-12-05T11:23:40+08:00 ] ::1 /embahust./Public/image/201512041737146971.jpgtitle=%E5%BE%B7%E5%9B%BD%E6%9F%8F%E6%9E%97%E8%87%AA%E7%94%B1%E5%A4%A7%E5%AD%A6Feger%E6%95%99%E6%8E%88%E6%9D%A5%E6%88%91%E7%B3%BB%E5%AD%A6%E6%9C%AF%E4%BA%A4%E6%B5%81
ERR: 无法加载控制器:Public

[ 2015-12-05T11:23:49+08:00 ] ::1 /embahust/tea/
ERR: 无法加载控制器:Tea

[ 2015-12-05T11:23:51+08:00 ] ::1 /embahust/tea/
ERR: 无法加载控制器:Tea

[ 2015-12-05T11:23:54+08:00 ] ::1 /embahust./Public/image/201512041738205757.jpgtitle=%E5%8D%8E%E4%B8%AD%E7%A7%91%E6%8A%80%E5%A4%A7%E5%AD%A6%E5%93%B2%E5%AD%A6%E7%B3%BB2005%E5%B1%8A%E6%9C%AC%E7%A7%91%E7%94%9F%E6%AF%95%E4%B8%9A%E5%8D%81%E5%91%A8%E5%B9%B4%E8%81%9A%E4%BC%9A
ERR: 无法加载控制器:Public

[ 2015-12-05T11:23:54+08:00 ] ::1 /embahust./Public/image/201512041737146971.jpgtitle=%E5%BE%B7%E5%9B%BD%E6%9F%8F%E6%9E%97%E8%87%AA%E7%94%B1%E5%A4%A7%E5%AD%A6Feger%E6%95%99%E6%8E%88%E6%9D%A5%E6%88%91%E7%B3%BB%E5%AD%A6%E6%9C%AF%E4%BA%A4%E6%B5%81
ERR: 无法加载控制器:Public

[ 2015-12-05T11:24:34+08:00 ] ::1 /embahust./Public/image/201512041738205757.jpgtitle=%E5%8D%8E%E4%B8%AD%E7%A7%91%E6%8A%80%E5%A4%A7%E5%AD%A6%E5%93%B2%E5%AD%A6%E7%B3%BB2005%E5%B1%8A%E6%9C%AC%E7%A7%91%E7%94%9F%E6%AF%95%E4%B8%9A%E5%8D%81%E5%91%A8%E5%B9%B4%E8%81%9A%E4%BC%9A
ERR: 无法加载控制器:Public

[ 2015-12-05T11:24:34+08:00 ] ::1 /embahust./Public/image/201512041737146971.jpgtitle=%E5%BE%B7%E5%9B%BD%E6%9F%8F%E6%9E%97%E8%87%AA%E7%94%B1%E5%A4%A7%E5%AD%A6Feger%E6%95%99%E6%8E%88%E6%9D%A5%E6%88%91%E7%B3%BB%E5%AD%A6%E6%9C%AF%E4%BA%A4%E6%B5%81
ERR: 无法加载控制器:Public

[ 2015-12-05T11:25:00+08:00 ] ::1 /embahust./Public/image/201512041737146971.jpgtitle=%E5%BE%B7%E5%9B%BD%E6%9F%8F%E6%9E%97%E8%87%AA%E7%94%B1%E5%A4%A7%E5%AD%A6Feger%E6%95%99%E6%8E%88%E6%9D%A5%E6%88%91%E7%B3%BB%E5%AD%A6%E6%9C%AF%E4%BA%A4%E6%B5%81
ERR: 无法加载控制器:Public

[ 2015-12-05T11:25:00+08:00 ] ::1 /embahust./Public/image/201512041738205757.jpgtitle=%E5%8D%8E%E4%B8%AD%E7%A7%91%E6%8A%80%E5%A4%A7%E5%AD%A6%E5%93%B2%E5%AD%A6%E7%B3%BB2005%E5%B1%8A%E6%9C%AC%E7%A7%91%E7%94%9F%E6%AF%95%E4%B8%9A%E5%8D%81%E5%91%A8%E5%B9%B4%E8%81%9A%E4%BC%9A
ERR: 无法加载控制器:Public

[ 2015-12-05T11:25:02+08:00 ] ::1 /embahust./Public/image/201512041737146971.jpgtitle=%E5%BE%B7%E5%9B%BD%E6%9F%8F%E6%9E%97%E8%87%AA%E7%94%B1%E5%A4%A7%E5%AD%A6Feger%E6%95%99%E6%8E%88%E6%9D%A5%E6%88%91%E7%B3%BB%E5%AD%A6%E6%9C%AF%E4%BA%A4%E6%B5%81
ERR: 无法加载控制器:Public

[ 2015-12-05T11:25:02+08:00 ] ::1 /embahust./Public/image/201512041738205757.jpgtitle=%E5%8D%8E%E4%B8%AD%E7%A7%91%E6%8A%80%E5%A4%A7%E5%AD%A6%E5%93%B2%E5%AD%A6%E7%B3%BB2005%E5%B1%8A%E6%9C%AC%E7%A7%91%E7%94%9F%E6%AF%95%E4%B8%9A%E5%8D%81%E5%91%A8%E5%B9%B4%E8%81%9A%E4%BC%9A
ERR: 无法加载控制器:Public

[ 2015-12-05T11:25:33+08:00 ] ::1 /embahust./Public/image/201512041737146971.jpgtitle=%E5%BE%B7%E5%9B%BD%E6%9F%8F%E6%9E%97%E8%87%AA%E7%94%B1%E5%A4%A7%E5%AD%A6Feger%E6%95%99%E6%8E%88%E6%9D%A5%E6%88%91%E7%B3%BB%E5%AD%A6%E6%9C%AF%E4%BA%A4%E6%B5%81
ERR: 无法加载控制器:Public

[ 2015-12-05T11:25:33+08:00 ] ::1 /embahust./Public/image/201512041738492226.jpgtitle=111111111111111111111
ERR: 无法加载控制器:Public

[ 2015-12-05T11:25:33+08:00 ] ::1 /embahust./Public/image/201512041738205757.jpgtitle=%E5%8D%8E%E4%B8%AD%E7%A7%91%E6%8A%80%E5%A4%A7%E5%AD%A6%E5%93%B2%E5%AD%A6%E7%B3%BB2005%E5%B1%8A%E6%9C%AC%E7%A7%91%E7%94%9F%E6%AF%95%E4%B8%9A%E5%8D%81%E5%91%A8%E5%B9%B4%E8%81%9A%E4%BC%9A
ERR: 无法加载控制器:Public

[ 2015-12-05T11:25:33+08:00 ] ::1 /embahust./Public/image/201512041739131561.jpgtitle=1233333333333333333
ERR: 无法加载控制器:Public

[ 2015-12-05T11:33:52+08:00 ] ::1 /embahust/www.baidu.com
ERR: 无法加载控制器:Www.baidu.com

[ 2015-12-05T12:01:48+08:00 ] ::1 /embahust/tea/
ERR: 无法加载控制器:Tea

[ 2015-12-05T21:36:07+08:00 ] ::1 /embahust/index/searchcer.html
INFO: [ app_begin ] --START--
INFO: Run Behavior\ReadHtmlCacheBehavior [ RunTime:0.000864s ]
INFO: [ app_begin ] --END-- [ RunTime:0.001346s ]
SQL: SHOW COLUMNS FROM `news` [ RunTime:0.0046s ]
SQL: SELECT `id`,`title`,`picture`,`date` FROM `news` WHERE ( class=1 ) ORDER BY date desc LIMIT 7   [ RunTime:0.0005s ]
SQL: SELECT `id`,`title`,`picture`,`date` FROM `news` WHERE ( class=2 ) ORDER BY date desc LIMIT 7   [ RunTime:0.0004s ]
SQL: SELECT `id`,`title`,`picture`,`date` FROM `news` WHERE ( class=3 ) ORDER BY date desc LIMIT 7   [ RunTime:0.0004s ]
SQL: SELECT `id`,`title`,`picture`,`date` FROM `news` WHERE ( class=7 ) ORDER BY date desc LIMIT 7   [ RunTime:0.0003s ]
SQL: SHOW COLUMNS FROM `teacher` [ RunTime:0.0046s ]
SQL: SELECT `name`,`picture`,`id` FROM `teacher` WHERE ( class_id=1 ) LIMIT 6   [ RunTime:0.0006s ]
SQL: SELECT `name`,`picture`,`id` FROM `teacher` WHERE ( class_id=2 ) LIMIT 6   [ RunTime:0.0007s ]
SQL: SELECT `id`,`title`,`picture`,`date`,`class` FROM `news` WHERE ( state =1 ) ORDER BY date desc LIMIT 5   [ RunTime:0.0006s ]
INFO: [ view_parse ] --START--
INFO: [ template_filter ] --START--
INFO: Run Behavior\ContentReplaceBehavior [ RunTime:0.000228s ]
INFO: [ template_filter ] --END-- [ RunTime:0.000354s ]
NOTIC: [8] Undefined variable: id C:\xampp\htdocs\embahust\Application\Runtime\Cache\Home\2a94b8bda04ff446dcedd42276fc99ee.php 第 422 行.
INFO: Run Behavior\ParseTemplateBehavior [ RunTime:0.024121s ]
INFO: [ view_parse ] --END-- [ RunTime:0.024387s ]
INFO: [ view_filter ] --START--
INFO: Run Behavior\WriteHtmlCacheBehavior [ RunTime:0.001398s ]
INFO: [ view_filter ] --END-- [ RunTime:0.001487s ]
INFO: [ app_end ] --START--
INFO: Run Behavior\ShowPageTraceBehavior [ RunTime:0.001603s ]
INFO: [ app_end ] --END-- [ RunTime:0.001702s ]

[ 2015-12-05T21:36:38+08:00 ] ::1 /embahust/index/searchcer.html
INFO: [ app_begin ] --START--
INFO: Run Behavior\ReadHtmlCacheBehavior [ RunTime:0.001200s ]
INFO: [ app_begin ] --END-- [ RunTime:0.001657s ]
SQL: SHOW COLUMNS FROM `news` [ RunTime:0.0032s ]
SQL: SELECT `id`,`title`,`picture`,`date` FROM `news` WHERE ( class=1 ) ORDER BY date desc LIMIT 7   [ RunTime:0.0004s ]
SQL: SELECT `id`,`title`,`picture`,`date` FROM `news` WHERE ( class=2 ) ORDER BY date desc LIMIT 7   [ RunTime:0.0002s ]
SQL: SELECT `id`,`title`,`picture`,`date` FROM `news` WHERE ( class=3 ) ORDER BY date desc LIMIT 7   [ RunTime:0.0002s ]
SQL: SELECT `id`,`title`,`picture`,`date` FROM `news` WHERE ( class=7 ) ORDER BY date desc LIMIT 7   [ RunTime:0.0002s ]
SQL: SHOW COLUMNS FROM `teacher` [ RunTime:0.0029s ]
SQL: SELECT `name`,`picture`,`id` FROM `teacher` WHERE ( class_id=1 ) LIMIT 6   [ RunTime:0.0003s ]
SQL: SELECT `name`,`picture`,`id` FROM `teacher` WHERE ( class_id=2 ) LIMIT 6   [ RunTime:0.0002s ]
SQL: SELECT `id`,`title`,`picture`,`date`,`class` FROM `news` WHERE ( state =1 ) ORDER BY date desc LIMIT 5   [ RunTime:0.0003s ]
INFO: [ view_parse ] --START--
INFO: [ template_filter ] --START--
INFO: Run Behavior\ContentReplaceBehavior [ RunTime:0.000157s ]
INFO: [ template_filter ] --END-- [ RunTime:0.000242s ]
NOTIC: [8] Undefined variable: id C:\xampp\htdocs\embahust\Application\Runtime\Cache\Home\2a94b8bda04ff446dcedd42276fc99ee.php 第 422 行.
INFO: Run Behavior\ParseTemplateBehavior [ RunTime:0.014327s ]
INFO: [ view_parse ] --END-- [ RunTime:0.014394s ]
INFO: [ view_filter ] --START--
INFO: Run Behavior\WriteHtmlCacheBehavior [ RunTime:0.000661s ]
INFO: [ view_filter ] --END-- [ RunTime:0.000697s ]
INFO: [ app_end ] --START--
INFO: Run Behavior\ShowPageTraceBehavior [ RunTime:0.000920s ]
INFO: [ app_end ] --END-- [ RunTime:0.000969s ]

[ 2015-12-05T21:37:38+08:00 ] ::1 /embahust/index/searchcer.html
INFO: [ app_begin ] --START--
INFO: Run Behavior\ReadHtmlCacheBehavior [ RunTime:0.001233s ]
INFO: [ app_begin ] --END-- [ RunTime:0.001887s ]
SQL: SHOW COLUMNS FROM `news` [ RunTime:0.0051s ]
SQL: SELECT `id`,`title`,`picture`,`date` FROM `news` WHERE ( class=1 ) ORDER BY date desc LIMIT 7   [ RunTime:0.0027s ]
SQL: SELECT `id`,`title`,`picture`,`date` FROM `news` WHERE ( class=2 ) ORDER BY date desc LIMIT 7   [ RunTime:0.0004s ]
SQL: SELECT `id`,`title`,`picture`,`date` FROM `news` WHERE ( class=3 ) ORDER BY date desc LIMIT 7   [ RunTime:0.0003s ]
SQL: SELECT `id`,`title`,`picture`,`date` FROM `news` WHERE ( class=7 ) ORDER BY date desc LIMIT 7   [ RunTime:0.0003s ]
SQL: SHOW COLUMNS FROM `teacher` [ RunTime:0.0042s ]
SQL: SELECT `name`,`picture`,`id` FROM `teacher` WHERE ( class_id=1 ) LIMIT 6   [ RunTime:0.0004s ]
SQL: SELECT `name`,`picture`,`id` FROM `teacher` WHERE ( class_id=2 ) LIMIT 6   [ RunTime:0.0003s ]
SQL: SELECT `id`,`title`,`picture`,`date`,`class` FROM `news` WHERE ( state =1 ) ORDER BY date desc LIMIT 5   [ RunTime:0.0004s ]
INFO: [ view_parse ] --START--
INFO: [ template_filter ] --START--
INFO: Run Behavior\ContentReplaceBehavior [ RunTime:0.000204s ]
INFO: [ template_filter ] --END-- [ RunTime:0.000313s ]
NOTIC: [8] Undefined variable: id C:\xampp\htdocs\embahust\Application\Runtime\Cache\Home\2a94b8bda04ff446dcedd42276fc99ee.php 第 422 行.
INFO: Run Behavior\ParseTemplateBehavior [ RunTime:0.029344s ]
INFO: [ view_parse ] --END-- [ RunTime:0.029455s ]
INFO: [ view_filter ] --START--
INFO: Run Behavior\WriteHtmlCacheBehavior [ RunTime:0.001131s ]
INFO: [ view_filter ] --END-- [ RunTime:0.001200s ]

[ 2015-12-05T21:43:55+08:00 ] ::1 /embahust/index/searchcer.html
INFO: [ app_begin ] --START--
INFO: Run Behavior\ReadHtmlCacheBehavior [ RunTime:0.001411s ]
INFO: [ app_begin ] --END-- [ RunTime:0.002234s ]
SQL: SHOW COLUMNS FROM `news` [ RunTime:0.0072s ]
SQL: SELECT `id`,`title`,`picture`,`date` FROM `news` WHERE ( class=1 ) ORDER BY date desc LIMIT 7   [ RunTime:0.0006s ]
SQL: SELECT `id`,`title`,`picture`,`date` FROM `news` WHERE ( class=2 ) ORDER BY date desc LIMIT 7   [ RunTime:0.0003s ]
SQL: SELECT `id`,`title`,`picture`,`date` FROM `news` WHERE ( class=3 ) ORDER BY date desc LIMIT 7   [ RunTime:0.0004s ]
SQL: SELECT `id`,`title`,`picture`,`date` FROM `news` WHERE ( class=7 ) ORDER BY date desc LIMIT 7   [ RunTime:0.0006s ]
SQL: SHOW COLUMNS FROM `teacher` [ RunTime:0.0044s ]
SQL: SELECT `name`,`picture`,`id` FROM `teacher` WHERE ( class_id=1 ) LIMIT 6   [ RunTime:0.0003s ]
SQL: SELECT `name`,`picture`,`id` FROM `teacher` WHERE ( class_id=2 ) LIMIT 6   [ RunTime:0.0003s ]
SQL: SELECT `id`,`title`,`picture`,`date`,`class` FROM `news` WHERE ( state =1 ) ORDER BY date desc LIMIT 5   [ RunTime:0.0003s ]
INFO: [ view_parse ] --START--
INFO: [ template_filter ] --START--
INFO: Run Behavior\ContentReplaceBehavior [ RunTime:0.000168s ]
INFO: [ template_filter ] --END-- [ RunTime:0.000266s ]
NOTIC: [8] Undefined variable: id C:\xampp\htdocs\embahust\Application\Runtime\Cache\Home\2a94b8bda04ff446dcedd42276fc99ee.php 第 422 行.
INFO: Run Behavior\ParseTemplateBehavior [ RunTime:0.022350s ]
INFO: [ view_parse ] --END-- [ RunTime:0.022450s ]
INFO: [ view_filter ] --START--
INFO: Run Behavior\WriteHtmlCacheBehavior [ RunTime:0.000960s ]
INFO: [ view_filter ] --END-- [ RunTime:0.001026s ]
INFO: [ app_end ] --START--
INFO: Run Behavior\ShowPageTraceBehavior [ RunTime:0.001204s ]
INFO: [ app_end ] --END-- [ RunTime:0.001277s ]

[ 2015-12-05T21:44:39+08:00 ] ::1 /embahust/index/searchcer.html
INFO: [ app_begin ] --START--
INFO: Run Behavior\ReadHtmlCacheBehavior [ RunTime:0.001270s ]
INFO: [ app_begin ] --END-- [ RunTime:0.003877s ]
SQL: SHOW COLUMNS FROM `news` [ RunTime:0.0061s ]
SQL: SELECT `id`,`title`,`picture`,`date` FROM `news` WHERE ( class=1 ) ORDER BY date desc LIMIT 7   [ RunTime:0.0006s ]
SQL: SELECT `id`,`title`,`picture`,`date` FROM `news` WHERE ( class=2 ) ORDER BY date desc LIMIT 7   [ RunTime:0.0004s ]
SQL: SELECT `id`,`title`,`picture`,`date` FROM `news` WHERE ( class=3 ) ORDER BY date desc LIMIT 7   [ RunTime:0.0004s ]
SQL: SELECT `id`,`title`,`picture`,`date` FROM `news` WHERE ( class=7 ) ORDER BY date desc LIMIT 7   [ RunTime:0.0004s ]
SQL: SHOW COLUMNS FROM `teacher` [ RunTime:0.0043s ]
SQL: SELECT `name`,`picture`,`id` FROM `teacher` WHERE ( class_id=1 ) LIMIT 6   [ RunTime:0.0004s ]
SQL: SELECT `name`,`picture`,`id` FROM `teacher` WHERE ( class_id=2 ) LIMIT 6   [ RunTime:0.0003s ]
SQL: SELECT `id`,`title`,`picture`,`date`,`class` FROM `news` WHERE ( state =1 ) ORDER BY date desc LIMIT 5   [ RunTime:0.0006s ]
INFO: [ view_parse ] --START--
INFO: [ template_filter ] --START--
INFO: Run Behavior\ContentReplaceBehavior [ RunTime:0.000116s ]
INFO: [ template_filter ] --END-- [ RunTime:0.000177s ]
NOTIC: [8] Undefined variable: id C:\xampp\htdocs\embahust\Application\Runtime\Cache\Home\2a94b8bda04ff446dcedd42276fc99ee.php 第 422 行.
INFO: Run Behavior\ParseTemplateBehavior [ RunTime:0.039064s ]
INFO: [ view_parse ] --END-- [ RunTime:0.039182s ]
INFO: [ view_filter ] --START--
INFO: Run Behavior\WriteHtmlCacheBehavior [ RunTime:0.003356s ]
INFO: [ view_filter ] --END-- [ RunTime:0.003431s ]

[ 2015-12-05T21:45:13+08:00 ] ::1 /embahust/index/searchcer.html
INFO: [ app_begin ] --START--
INFO: Run Behavior\ReadHtmlCacheBehavior [ RunTime:0.001497s ]
INFO: [ app_begin ] --END-- [ RunTime:0.002461s ]
SQL: SHOW COLUMNS FROM `news` [ RunTime:0.0106s ]
SQL: SELECT `id`,`title`,`picture`,`date` FROM `news` WHERE ( class=1 ) ORDER BY date desc LIMIT 7   [ RunTime:0.0031s ]
SQL: SELECT `id`,`title`,`picture`,`date` FROM `news` WHERE ( class=2 ) ORDER BY date desc LIMIT 7   [ RunTime:0.0017s ]
SQL: SELECT `id`,`title`,`picture`,`date` FROM `news` WHERE ( class=3 ) ORDER BY date desc LIMIT 7   [ RunTime:0.0006s ]
SQL: SELECT `id`,`title`,`picture`,`date` FROM `news` WHERE ( class=7 ) ORDER BY date desc LIMIT 7   [ RunTime:0.0006s ]
SQL: SHOW COLUMNS FROM `teacher` [ RunTime:0.0064s ]
SQL: SELECT `name`,`picture`,`id` FROM `teacher` WHERE ( class_id=1 ) LIMIT 6   [ RunTime:0.0008s ]
SQL: SELECT `name`,`picture`,`id` FROM `teacher` WHERE ( class_id=2 ) LIMIT 6   [ RunTime:0.0005s ]
SQL: SELECT `id`,`title`,`picture`,`date`,`class` FROM `news` WHERE ( state =1 ) ORDER BY date desc LIMIT 5   [ RunTime:0.0005s ]
INFO: [ view_parse ] --START--
INFO: [ template_filter ] --START--
INFO: Run Behavior\ContentReplaceBehavior [ RunTime:0.000198s ]
INFO: [ template_filter ] --END-- [ RunTime:0.000345s ]
NOTIC: [8] Undefined variable: id C:\xampp\htdocs\embahust\Application\Runtime\Cache\Home\2a94b8bda04ff446dcedd42276fc99ee.php 第 422 行.
INFO: Run Behavior\ParseTemplateBehavior [ RunTime:0.025773s ]
INFO: [ view_parse ] --END-- [ RunTime:0.026047s ]
INFO: [ view_filter ] --START--
INFO: Run Behavior\WriteHtmlCacheBehavior [ RunTime:0.001544s ]
INFO: [ view_filter ] --END-- [ RunTime:0.001628s ]
INFO: [ app_end ] --START--
INFO: Run Behavior\ShowPageTraceBehavior [ RunTime:0.002449s ]
INFO: [ app_end ] --END-- [ RunTime:0.002571s ]

[ 2015-12-05T21:45:33+08:00 ] ::1 /embahust/index/searchcer.html
INFO: [ app_begin ] --START--
INFO: Run Behavior\ReadHtmlCacheBehavior [ RunTime:0.001560s ]
INFO: [ app_begin ] --END-- [ RunTime:0.002360s ]
SQL: SHOW COLUMNS FROM `news` [ RunTime:0.0146s ]
SQL: SELECT `id`,`title`,`picture`,`date` FROM `news` WHERE ( class=1 ) ORDER BY date desc LIMIT 7   [ RunTime:0.0020s ]
SQL: SELECT `id`,`title`,`picture`,`date` FROM `news` WHERE ( class=2 ) ORDER BY date desc LIMIT 7   [ RunTime:0.0006s ]
SQL: SELECT `id`,`title`,`picture`,`date` FROM `news` WHERE ( class=3 ) ORDER BY date desc LIMIT 7   [ RunTime:0.0007s ]
SQL: SELECT `id`,`title`,`picture`,`date` FROM `news` WHERE ( class=7 ) ORDER BY date desc LIMIT 7   [ RunTime:0.0012s ]
SQL: SHOW COLUMNS FROM `teacher` [ RunTime:0.0062s ]
SQL: SELECT `name`,`picture`,`id` FROM `teacher` WHERE ( class_id=1 ) LIMIT 6   [ RunTime:0.0019s ]
SQL: SELECT `name`,`picture`,`id` FROM `teacher` WHERE ( class_id=2 ) LIMIT 6   [ RunTime:0.0005s ]
SQL: SELECT `id`,`title`,`picture`,`date`,`class` FROM `news` WHERE ( state =1 ) ORDER BY date desc LIMIT 5   [ RunTime:0.0006s ]
INFO: [ view_parse ] --START--
INFO: [ template_filter ] --START--
INFO: Run Behavior\ContentReplaceBehavior [ RunTime:0.000213s ]
INFO: [ template_filter ] --END-- [ RunTime:0.000340s ]
NOTIC: [8] Undefined variable: id C:\xampp\htdocs\embahust\Application\Runtime\Cache\Home\2a94b8bda04ff446dcedd42276fc99ee.php 第 422 行.
INFO: Run Behavior\ParseTemplateBehavior [ RunTime:0.026985s ]
INFO: [ view_parse ] --END-- [ RunTime:0.027082s ]
INFO: [ view_filter ] --START--
INFO: Run Behavior\WriteHtmlCacheBehavior [ RunTime:0.001398s ]
INFO: [ view_filter ] --END-- [ RunTime:0.001499s ]
INFO: [ app_end ] --START--
INFO: Run Behavior\ShowPageTraceBehavior [ RunTime:0.001682s ]
INFO: [ app_end ] --END-- [ RunTime:0.001807s ]

[ 2015-12-05T21:52:25+08:00 ] ::1 /embahust/index/searchcer.html?0.4860185752622783
INFO: [ app_begin ] --START--
INFO: Run Behavior\ReadHtmlCacheBehavior [ RunTime:0.000708s ]
INFO: [ app_begin ] --END-- [ RunTime:0.001198s ]
SQL: SHOW COLUMNS FROM `news` [ RunTime:0.0049s ]
SQL: SELECT `id`,`title`,`picture`,`date` FROM `news` WHERE ( class=1 ) ORDER BY date desc LIMIT 7   [ RunTime:0.0005s ]
SQL: SELECT `id`,`title`,`picture`,`date` FROM `news` WHERE ( class=2 ) ORDER BY date desc LIMIT 7   [ RunTime:0.0005s ]
SQL: SELECT `id`,`title`,`picture`,`date` FROM `news` WHERE ( class=3 ) ORDER BY date desc LIMIT 7   [ RunTime:0.0004s ]
SQL: SELECT `id`,`title`,`picture`,`date` FROM `news` WHERE ( class=7 ) ORDER BY date desc LIMIT 7   [ RunTime:0.0003s ]
SQL: SHOW COLUMNS FROM `teacher` [ RunTime:0.0043s ]
SQL: SELECT `name`,`picture`,`id` FROM `teacher` WHERE ( class_id=1 ) LIMIT 6   [ RunTime:0.0003s ]
SQL: SELECT `name`,`picture`,`id` FROM `teacher` WHERE ( class_id=2 ) LIMIT 6   [ RunTime:0.0003s ]
SQL: SELECT `id`,`title`,`picture`,`date`,`class` FROM `news` WHERE ( state =1 ) ORDER BY date desc LIMIT 5   [ RunTime:0.0003s ]
INFO: [ view_parse ] --START--
INFO: [ template_filter ] --START--
INFO: Run Behavior\ContentReplaceBehavior [ RunTime:0.000114s ]
INFO: [ template_filter ] --END-- [ RunTime:0.000173s ]
NOTIC: [8] Undefined variable: id C:\xampp\htdocs\embahust\Application\Runtime\Cache\Home\2a94b8bda04ff446dcedd42276fc99ee.php 第 422 行.
INFO: Run Behavior\ParseTemplateBehavior [ RunTime:0.016393s ]
INFO: [ view_parse ] --END-- [ RunTime:0.016480s ]
INFO: [ view_filter ] --START--
INFO: Run Behavior\WriteHtmlCacheBehavior [ RunTime:0.000390s ]
INFO: [ view_filter ] --END-- [ RunTime:0.000440s ]
INFO: [ app_end ] --START--
INFO: Run Behavior\ShowPageTraceBehavior [ RunTime:0.000749s ]
INFO: [ app_end ] --END-- [ RunTime:0.000816s ]

[ 2015-12-05T21:52:35+08:00 ] ::1 /embahust/index/searchcer.html?0.698579183081165
INFO: [ app_begin ] --START--
INFO: Run Behavior\ReadHtmlCacheBehavior [ RunTime:0.001026s ]
INFO: [ app_begin ] --END-- [ RunTime:0.001670s ]
SQL: SHOW COLUMNS FROM `news` [ RunTime:0.0044s ]
SQL: SELECT `id`,`title`,`picture`,`date` FROM `news` WHERE ( class=1 ) ORDER BY date desc LIMIT 7   [ RunTime:0.0008s ]
SQL: SELECT `id`,`title`,`picture`,`date` FROM `news` WHERE ( class=2 ) ORDER BY date desc LIMIT 7   [ RunTime:0.0008s ]
SQL: SELECT `id`,`title`,`picture`,`date` FROM `news` WHERE ( class=3 ) ORDER BY date desc LIMIT 7   [ RunTime:0.0004s ]
SQL: SELECT `id`,`title`,`picture`,`date` FROM `news` WHERE ( class=7 ) ORDER BY date desc LIMIT 7   [ RunTime:0.0005s ]
SQL: SHOW COLUMNS FROM `teacher` [ RunTime:0.0054s ]
SQL: SELECT `name`,`picture`,`id` FROM `teacher` WHERE ( class_id=1 ) LIMIT 6   [ RunTime:0.0004s ]
SQL: SELECT `name`,`picture`,`id` FROM `teacher` WHERE ( class_id=2 ) LIMIT 6   [ RunTime:0.0003s ]
SQL: SELECT `id`,`title`,`picture`,`date`,`class` FROM `news` WHERE ( state =1 ) ORDER BY date desc LIMIT 5   [ RunTime:0.0004s ]
INFO: [ view_parse ] --START--
INFO: [ template_filter ] --START--
INFO: Run Behavior\ContentReplaceBehavior [ RunTime:0.000185s ]
INFO: [ template_filter ] --END-- [ RunTime:0.000294s ]
NOTIC: [8] Undefined variable: id C:\xampp\htdocs\embahust\Application\Runtime\Cache\Home\2a94b8bda04ff446dcedd42276fc99ee.php 第 422 行.
INFO: Run Behavior\ParseTemplateBehavior [ RunTime:0.025234s ]
INFO: [ view_parse ] --END-- [ RunTime:0.025371s ]
INFO: [ view_filter ] --START--
INFO: Run Behavior\WriteHtmlCacheBehavior [ RunTime:0.001338s ]
INFO: [ view_filter ] --END-- [ RunTime:0.001431s ]
INFO: [ app_end ] --START--
INFO: Run Behavior\ShowPageTraceBehavior [ RunTime:0.002094s ]
INFO: [ app_end ] --END-- [ RunTime:0.002222s ]

[ 2015-12-05T21:52:57+08:00 ] ::1 /embahust/index/searchcer.html?0.26038364553824067
INFO: [ app_begin ] --START--
INFO: Run Behavior\ReadHtmlCacheBehavior [ RunTime:0.000655s ]
INFO: [ app_begin ] --END-- [ RunTime:0.001101s ]
SQL: SHOW COLUMNS FROM `news` [ RunTime:0.0041s ]
SQL: SELECT `id`,`title`,`picture`,`date` FROM `news` WHERE ( class=1 ) ORDER BY date desc LIMIT 7   [ RunTime:0.0004s ]
SQL: SELECT `id`,`title`,`picture`,`date` FROM `news` WHERE ( class=2 ) ORDER BY date desc LIMIT 7   [ RunTime:0.0002s ]
SQL: SELECT `id`,`title`,`picture`,`date` FROM `news` WHERE ( class=3 ) ORDER BY date desc LIMIT 7   [ RunTime:0.0003s ]
SQL: SELECT `id`,`title`,`picture`,`date` FROM `news` WHERE ( class=7 ) ORDER BY date desc LIMIT 7   [ RunTime:0.0002s ]
SQL: SHOW COLUMNS FROM `teacher` [ RunTime:0.0048s ]
SQL: SELECT `name`,`picture`,`id` FROM `teacher` WHERE ( class_id=1 ) LIMIT 6   [ RunTime:0.0003s ]
SQL: SELECT `name`,`picture`,`id` FROM `teacher` WHERE ( class_id=2 ) LIMIT 6   [ RunTime:0.0002s ]
SQL: SELECT `id`,`title`,`picture`,`date`,`class` FROM `news` WHERE ( state =1 ) ORDER BY date desc LIMIT 5   [ RunTime:0.0004s ]
INFO: [ view_parse ] --START--
INFO: [ template_filter ] --START--
INFO: Run Behavior\ContentReplaceBehavior [ RunTime:0.000105s ]
INFO: [ template_filter ] --END-- [ RunTime:0.000158s ]
NOTIC: [8] Undefined variable: id C:\xampp\htdocs\embahust\Application\Runtime\Cache\Home\2a94b8bda04ff446dcedd42276fc99ee.php 第 422 行.
INFO: Run Behavior\ParseTemplateBehavior [ RunTime:0.014907s ]
INFO: [ view_parse ] --END-- [ RunTime:0.015012s ]
INFO: [ view_filter ] --START--
INFO: Run Behavior\WriteHtmlCacheBehavior [ RunTime:0.000679s ]
INFO: [ view_filter ] --END-- [ RunTime:0.000749s ]
INFO: [ app_end ] --START--
INFO: Run Behavior\ShowPageTraceBehavior [ RunTime:0.000949s ]
INFO: [ app_end ] --END-- [ RunTime:0.001041s ]

[ 2015-12-05T22:09:20+08:00 ] ::1 /embahust/index/searchcer.html?0.16908954619430006
INFO: [ app_begin ] --START--
INFO: Run Behavior\ReadHtmlCacheBehavior [ RunTime:0.002541s ]
INFO: [ app_begin ] --END-- [ RunTime:0.003429s ]
SQL: SHOW COLUMNS FROM `news` [ RunTime:0.0055s ]
SQL: SELECT `id`,`title`,`picture`,`date` FROM `news` WHERE ( class=1 ) ORDER BY date desc LIMIT 7   [ RunTime:0.0004s ]
SQL: SELECT `id`,`title`,`picture`,`date` FROM `news` WHERE ( class=2 ) ORDER BY date desc LIMIT 7   [ RunTime:0.0002s ]
SQL: SELECT `id`,`title`,`picture`,`date` FROM `news` WHERE ( class=3 ) ORDER BY date desc LIMIT 7   [ RunTime:0.0002s ]
SQL: SELECT `id`,`title`,`picture`,`date` FROM `news` WHERE ( class=7 ) ORDER BY date desc LIMIT 7   [ RunTime:0.0002s ]
SQL: SHOW COLUMNS FROM `teacher` [ RunTime:0.0030s ]
SQL: SELECT `name`,`picture`,`id` FROM `teacher` WHERE ( class_id=1 ) LIMIT 6   [ RunTime:0.0003s ]
SQL: SELECT `name`,`picture`,`id` FROM `teacher` WHERE ( class_id=2 ) LIMIT 6   [ RunTime:0.0002s ]
SQL: SELECT `id`,`title`,`picture`,`date`,`class` FROM `news` WHERE ( state =1 ) ORDER BY date desc LIMIT 5   [ RunTime:0.0003s ]
INFO: [ view_parse ] --START--
INFO: [ template_filter ] --START--
INFO: Run Behavior\ContentReplaceBehavior [ RunTime:0.000113s ]
INFO: [ template_filter ] --END-- [ RunTime:0.000169s ]
NOTIC: [8] Undefined variable: id C:\xampp\htdocs\embahust\Application\Runtime\Cache\Home\2a94b8bda04ff446dcedd42276fc99ee.php 第 437 行.
INFO: Run Behavior\ParseTemplateBehavior [ RunTime:0.016861s ]
INFO: [ view_parse ] --END-- [ RunTime:0.016966s ]
INFO: [ view_filter ] --START--
INFO: Run Behavior\WriteHtmlCacheBehavior [ RunTime:0.001584s ]
INFO: [ view_filter ] --END-- [ RunTime:0.001649s ]
INFO: [ app_end ] --START--
INFO: Run Behavior\ShowPageTraceBehavior [ RunTime:0.001460s ]
INFO: [ app_end ] --END-- [ RunTime:0.001557s ]

[ 2015-12-05T22:09:51+08:00 ] ::1 /embahust/index/searchcer.html?0.3097036792896688
INFO: [ app_begin ] --START--
INFO: Run Behavior\ReadHtmlCacheBehavior [ RunTime:0.001028s ]
INFO: [ app_begin ] --END-- [ RunTime:0.001583s ]
SQL: SHOW COLUMNS FROM `news` [ RunTime:0.0052s ]
SQL: SELECT `id`,`title`,`picture`,`date` FROM `news` WHERE ( class=1 ) ORDER BY date desc LIMIT 7   [ RunTime:0.0005s ]
SQL: SELECT `id`,`title`,`picture`,`date` FROM `news` WHERE ( class=2 ) ORDER BY date desc LIMIT 7   [ RunTime:0.0004s ]
SQL: SELECT `id`,`title`,`picture`,`date` FROM `news` WHERE ( class=3 ) ORDER BY date desc LIMIT 7   [ RunTime:0.0006s ]
SQL: SELECT `id`,`title`,`picture`,`date` FROM `news` WHERE ( class=7 ) ORDER BY date desc LIMIT 7   [ RunTime:0.0007s ]
SQL: SHOW COLUMNS FROM `teacher` [ RunTime:0.0041s ]
SQL: SELECT `name`,`picture`,`id` FROM `teacher` WHERE ( class_id=1 ) LIMIT 6   [ RunTime:0.0003s ]
SQL: SELECT `name`,`picture`,`id` FROM `teacher` WHERE ( class_id=2 ) LIMIT 6   [ RunTime:0.0002s ]
SQL: SELECT `id`,`title`,`picture`,`date`,`class` FROM `news` WHERE ( state =1 ) ORDER BY date desc LIMIT 5   [ RunTime:0.0003s ]
INFO: [ view_parse ] --START--
INFO: [ template_filter ] --START--
INFO: Run Behavior\ContentReplaceBehavior [ RunTime:0.000127s ]
INFO: [ template_filter ] --END-- [ RunTime:0.000196s ]
NOTIC: [8] Undefined variable: id C:\xampp\htdocs\embahust\Application\Runtime\Cache\Home\2a94b8bda04ff446dcedd42276fc99ee.php 第 434 行.
INFO: Run Behavior\ParseTemplateBehavior [ RunTime:0.017615s ]
INFO: [ view_parse ] --END-- [ RunTime:0.017683s ]
INFO: [ view_filter ] --START--
INFO: Run Behavior\WriteHtmlCacheBehavior [ RunTime:0.000757s ]
INFO: [ view_filter ] --END-- [ RunTime:0.000797s ]
INFO: [ app_end ] --START--
INFO: Run Behavior\ShowPageTraceBehavior [ RunTime:0.001415s ]
INFO: [ app_end ] --END-- [ RunTime:0.001486s ]

[ 2015-12-05T22:10:01+08:00 ] ::1 /embahust/index/searchcer.html?0.8385493576060981
INFO: [ app_begin ] --START--
INFO: Run Behavior\ReadHtmlCacheBehavior [ RunTime:0.001555s ]
INFO: [ app_begin ] --END-- [ RunTime:0.002478s ]
SQL: SHOW COLUMNS FROM `news` [ RunTime:0.0040s ]
SQL: SELECT `id`,`title`,`picture`,`date` FROM `news` WHERE ( class=1 ) ORDER BY date desc LIMIT 7   [ RunTime:0.0005s ]
SQL: SELECT `id`,`title`,`picture`,`date` FROM `news` WHERE ( class=2 ) ORDER BY date desc LIMIT 7   [ RunTime:0.0003s ]
SQL: SELECT `id`,`title`,`picture`,`date` FROM `news` WHERE ( class=3 ) ORDER BY date desc LIMIT 7   [ RunTime:0.0002s ]
SQL: SELECT `id`,`title`,`picture`,`date` FROM `news` WHERE ( class=7 ) ORDER BY date desc LIMIT 7   [ RunTime:0.0003s ]
SQL: SHOW COLUMNS FROM `teacher` [ RunTime:0.0040s ]
SQL: SELECT `name`,`picture`,`id` FROM `teacher` WHERE ( class_id=1 ) LIMIT 6   [ RunTime:0.0003s ]
SQL: SELECT `name`,`picture`,`id` FROM `teacher` WHERE ( class_id=2 ) LIMIT 6   [ RunTime:0.0003s ]
SQL: SELECT `id`,`title`,`picture`,`date`,`class` FROM `news` WHERE ( state =1 ) ORDER BY date desc LIMIT 5   [ RunTime:0.0004s ]
INFO: [ view_parse ] --START--
INFO: [ template_filter ] --START--
INFO: Run Behavior\ContentReplaceBehavior [ RunTime:0.000186s ]
INFO: [ template_filter ] --END-- [ RunTime:0.000330s ]
NOTIC: [8] Undefined variable: id C:\xampp\htdocs\embahust\Application\Runtime\Cache\Home\2a94b8bda04ff446dcedd42276fc99ee.php 第 434 行.
INFO: Run Behavior\ParseTemplateBehavior [ RunTime:0.024284s ]
INFO: [ view_parse ] --END-- [ RunTime:0.024440s ]
INFO: [ view_filter ] --START--
INFO: Run Behavior\WriteHtmlCacheBehavior [ RunTime:0.000816s ]
INFO: [ view_filter ] --END-- [ RunTime:0.000860s ]
INFO: [ app_end ] --START--
INFO: Run Behavior\ShowPageTraceBehavior [ RunTime:0.001437s ]
INFO: [ app_end ] --END-- [ RunTime:0.001521s ]

[ 2015-12-05T22:15:21+08:00 ] 222.20.73.28 /embahust/tea/
ERR: 无法加载控制器:Tea

[ 2015-12-05T22:16:44+08:00 ] ::1 /embahust/tea/
ERR: 无法加载控制器:Tea

[ 2015-12-05T22:23:30+08:00 ] ::1 /embahust/searchcer.html?0.8864125448744744
INFO: [ app_begin ] --START--
INFO: Run Behavior\ReadHtmlCacheBehavior [ RunTime:0.001735s ]
INFO: [ app_begin ] --END-- [ RunTime:0.002441s ]
INFO: [ app_end ] --START--
INFO: Run Behavior\ShowPageTraceBehavior [ RunTime:0.001730s ]
INFO: [ app_end ] --END-- [ RunTime:0.001869s ]

[ 2015-12-05T22:23:55+08:00 ] ::1 /embahust/searchcer.html?0.5500814695842564
INFO: [ app_begin ] --START--
INFO: Run Behavior\ReadHtmlCacheBehavior [ RunTime:0.001566s ]
INFO: [ app_begin ] --END-- [ RunTime:0.002434s ]
INFO: [ app_end ] --START--
INFO: Run Behavior\ShowPageTraceBehavior [ RunTime:0.001729s ]
INFO: [ app_end ] --END-- [ RunTime:0.001856s ]

[ 2015-12-05T22:24:03+08:00 ] ::1 /embahust/searchcer.html?0.12364447955042124
INFO: [ app_begin ] --START--
INFO: Run Behavior\ReadHtmlCacheBehavior [ RunTime:0.001351s ]
INFO: [ app_begin ] --END-- [ RunTime:0.002115s ]
INFO: [ app_end ] --START--
INFO: Run Behavior\ShowPageTraceBehavior [ RunTime:0.001511s ]
INFO: [ app_end ] --END-- [ RunTime:0.001622s ]

[ 2015-12-05T22:27:21+08:00 ] ::1 /embahust/searchcer.html?0.1591665530577302
INFO: [ app_begin ] --START--
INFO: Run Behavior\ReadHtmlCacheBehavior [ RunTime:0.000878s ]
INFO: [ app_begin ] --END-- [ RunTime:0.001364s ]
SQL: SHOW COLUMNS FROM `certificate` [ RunTime:0.0033s ]
ERR: 1054:Unknown column 'fasdf' in 'where clause'
 [ SQL语句 ] : SELECT * FROM `certificate` WHERE ( number=fasdf ) 
ERR: 1054:Unknown column 'fasdf' in 'where clause'
 [ SQL语句 ] : SELECT * FROM `certificate` WHERE ( number=fasdf ) 

[ 2015-12-05T22:27:26+08:00 ] ::1 /embahust/searchcer.html?0.7364360098727047
INFO: [ app_begin ] --START--
INFO: Run Behavior\ReadHtmlCacheBehavior [ RunTime:0.001595s ]
INFO: [ app_begin ] --END-- [ RunTime:0.002442s ]
SQL: SHOW COLUMNS FROM `certificate` [ RunTime:0.0039s ]
ERR: 1054:Unknown column 'fasdf' in 'where clause'
 [ SQL语句 ] : SELECT * FROM `certificate` WHERE ( number=fasdf ) 
ERR: 1054:Unknown column 'fasdf' in 'where clause'
 [ SQL语句 ] : SELECT * FROM `certificate` WHERE ( number=fasdf ) 

[ 2015-12-05T22:28:51+08:00 ] ::1 /embahust/searchcer.html?0.7413734674919397
INFO: [ app_begin ] --START--
INFO: Run Behavior\ReadHtmlCacheBehavior [ RunTime:0.002872s ]
INFO: [ app_begin ] --END-- [ RunTime:0.003984s ]
SQL: SHOW COLUMNS FROM `certificate` [ RunTime:0.0050s ]
ERR: 1054:Unknown column 'fasd' in 'where clause'
 [ SQL语句 ] : SELECT * FROM `certificate` WHERE ( number=`fasd` ) 
ERR: 1054:Unknown column 'fasd' in 'where clause'
 [ SQL语句 ] : SELECT * FROM `certificate` WHERE ( number=`fasd` ) 

[ 2015-12-05T22:38:29+08:00 ] ::1 /embahust/searchcer.html?0.5937737319618464
INFO: [ app_begin ] --START--
INFO: Run Behavior\ReadHtmlCacheBehavior [ RunTime:0.001393s ]
INFO: [ app_begin ] --END-- [ RunTime:0.002187s ]
SQL: SHOW COLUMNS FROM `certificate` [ RunTime:0.0574s ]
SQL: SELECT * FROM `certificate` WHERE ( number='gsdfgsd' )  [ RunTime:0.0004s ]
NOTIC: [8] Array to string conversion C:\xampp\htdocs\embahust\Application\Home\Controller\IndexController.class.php 第 247 行.
INFO: [ app_end ] --START--
INFO: Run Behavior\ShowPageTraceBehavior [ RunTime:0.001087s ]
INFO: [ app_end ] --END-- [ RunTime:0.001145s ]

[ 2015-12-05T22:38:49+08:00 ] ::1 /embahust/searchcer.html?0.766207646112889
INFO: [ app_begin ] --START--
INFO: Run Behavior\ReadHtmlCacheBehavior [ RunTime:0.009789s ]
INFO: [ app_begin ] --END-- [ RunTime:0.010647s ]
SQL: SHOW COLUMNS FROM `certificate` [ RunTime:0.0088s ]
SQL: SELECT * FROM `certificate` WHERE ( number='U201310348' )  [ RunTime:0.0008s ]
NOTIC: [8] Array to string conversion C:\xampp\htdocs\embahust\Application\Home\Controller\IndexController.class.php 第 247 行.
INFO: [ app_end ] --START--
INFO: Run Behavior\ShowPageTraceBehavior [ RunTime:0.001342s ]
INFO: [ app_end ] --END-- [ RunTime:0.001414s ]

[ 2015-12-05T22:39:06+08:00 ] ::1 /embahust/searchcer.html?0.9641331951133907
INFO: [ app_begin ] --START--
INFO: Run Behavior\ReadHtmlCacheBehavior [ RunTime:0.000921s ]
INFO: [ app_begin ] --END-- [ RunTime:0.001533s ]
SQL: SHOW COLUMNS FROM `certificate` [ RunTime:0.0031s ]
SQL: SELECT * FROM `certificate` WHERE ( number='U201310348' )  [ RunTime:0.0003s ]
NOTIC: [8] Array to string conversion C:\xampp\htdocs\embahust\Application\Home\Controller\IndexController.class.php 第 247 行.
INFO: [ app_end ] --START--
INFO: Run Behavior\ShowPageTraceBehavior [ RunTime:0.001238s ]
INFO: [ app_end ] --END-- [ RunTime:0.001317s ]

[ 2015-12-05T22:44:21+08:00 ] ::1 /embahust/searchcer.html?0.4732773071154952
INFO: [ app_begin ] --START--
INFO: Run Behavior\ReadHtmlCacheBehavior [ RunTime:0.001968s ]
INFO: [ app_begin ] --END-- [ RunTime:0.003038s ]
SQL: SHOW COLUMNS FROM `certificate` [ RunTime:0.0031s ]
SQL: SELECT * FROM `certificate` WHERE ( number='U201310348' )  [ RunTime:0.0004s ]
INFO: [ app_end ] --START--
INFO: Run Behavior\ShowPageTraceBehavior [ RunTime:0.001942s ]
INFO: [ app_end ] --END-- [ RunTime:0.002028s ]

[ 2015-12-05T22:48:18+08:00 ] ::1 /embahust/searchcer.html?0.2620798065327108
INFO: [ app_begin ] --START--
INFO: Run Behavior\ReadHtmlCacheBehavior [ RunTime:0.001321s ]
INFO: [ app_begin ] --END-- [ RunTime:0.002217s ]
SQL: SHOW COLUMNS FROM `certificate` [ RunTime:0.0049s ]
SQL: SELECT * FROM `certificate` WHERE ( number='发射点' )  [ RunTime:0.0006s ]
INFO: [ app_end ] --START--
INFO: Run Behavior\ShowPageTraceBehavior [ RunTime:0.001220s ]
INFO: [ app_end ] --END-- [ RunTime:0.001285s ]

[ 2015-12-05T22:48:34+08:00 ] ::1 /embahust/searchcer.html?0.2469375894870609
INFO: [ app_begin ] --START--
INFO: Run Behavior\ReadHtmlCacheBehavior [ RunTime:0.001068s ]
INFO: [ app_begin ] --END-- [ RunTime:0.001821s ]

[ 2015-12-05T22:49:01+08:00 ] ::1 /embahust/searchcer.html?0.6508227132726461
INFO: [ app_begin ] --START--
INFO: Run Behavior\ReadHtmlCacheBehavior [ RunTime:0.000912s ]
INFO: [ app_begin ] --END-- [ RunTime:0.001736s ]
INFO: [ app_end ] --START--
INFO: Run Behavior\ShowPageTraceBehavior [ RunTime:0.000870s ]
INFO: [ app_end ] --END-- [ RunTime:0.000967s ]

[ 2015-12-05T22:56:02+08:00 ] ::1 /embahust/searchcer.html?0.03520618728362024
INFO: [ app_begin ] --START--
INFO: Run Behavior\ReadHtmlCacheBehavior [ RunTime:0.002580s ]
INFO: [ app_begin ] --END-- [ RunTime:0.003073s ]
SQL: SHOW COLUMNS FROM `certificate` [ RunTime:0.0044s ]
SQL: SELECT * FROM `certificate` WHERE ( number='U201310348' )  [ RunTime:0.0006s ]
INFO: [ app_end ] --START--
INFO: Run Behavior\ShowPageTraceBehavior [ RunTime:0.001504s ]
INFO: [ app_end ] --END-- [ RunTime:0.001589s ]

[ 2015-12-05T22:57:59+08:00 ] ::1 /embahust/searchcer.html?0.7114176431205124
INFO: [ app_begin ] --START--
INFO: Run Behavior\ReadHtmlCacheBehavior [ RunTime:0.016845s ]
INFO: [ app_begin ] --END-- [ RunTime:0.017810s ]
SQL: SHOW COLUMNS FROM `certificate` [ RunTime:0.0054s ]
SQL: SELECT * FROM `certificate` WHERE ( number='U201310348' )  [ RunTime:0.0005s ]
INFO: [ app_end ] --START--
INFO: Run Behavior\ShowPageTraceBehavior [ RunTime:0.003936s ]
INFO: [ app_end ] --END-- [ RunTime:0.004053s ]

[ 2015-12-05T22:58:04+08:00 ] ::1 /embahust/searchcer.html?0.2071647287812084
INFO: [ app_begin ] --START--
INFO: Run Behavior\ReadHtmlCacheBehavior [ RunTime:0.000789s ]
INFO: [ app_begin ] --END-- [ RunTime:0.001408s ]
INFO: [ app_end ] --START--
INFO: Run Behavior\ShowPageTraceBehavior [ RunTime:0.000833s ]
INFO: [ app_end ] --END-- [ RunTime:0.000932s ]

[ 2015-12-05T22:58:14+08:00 ] ::1 /embahust/searchcer.html?0.14163018949329853
INFO: [ app_begin ] --START--
INFO: Run Behavior\ReadHtmlCacheBehavior [ RunTime:0.002550s ]
INFO: [ app_begin ] --END-- [ RunTime:0.003425s ]
SQL: SHOW COLUMNS FROM `certificate` [ RunTime:0.0039s ]
SQL: SELECT * FROM `certificate` WHERE ( number='U201310348' )  [ RunTime:0.0006s ]
INFO: [ app_end ] --START--
INFO: Run Behavior\ShowPageTraceBehavior [ RunTime:0.002470s ]
INFO: [ app_end ] --END-- [ RunTime:0.002564s ]

[ 2015-12-05T22:58:29+08:00 ] 222.20.54.153 /embahust/tea/
ERR: 无法加载控制器:Tea

[ 2015-12-05T22:58:34+08:00 ] 222.20.54.153 /embahust/tea/
ERR: 无法加载控制器:Tea

[ 2015-12-05T22:59:10+08:00 ] ::1 /embahust/searchcer.html?0.40829333662986755
INFO: [ app_begin ] --START--
INFO: Run Behavior\ReadHtmlCacheBehavior [ RunTime:0.006039s ]
INFO: [ app_begin ] --END-- [ RunTime:0.007948s ]
SQL: SHOW COLUMNS FROM `certificate` [ RunTime:0.0037s ]
SQL: SELECT * FROM `certificate` WHERE ( number=' jfaldjf' )  [ RunTime:0.0003s ]
INFO: [ app_end ] --START--
INFO: Run Behavior\ShowPageTraceBehavior [ RunTime:0.001010s ]
INFO: [ app_end ] --END-- [ RunTime:0.001055s ]

[ 2015-12-05T22:59:12+08:00 ] ::1 /embahust/searchcer.html?0.3168833265081048
INFO: [ app_begin ] --START--
INFO: Run Behavior\ReadHtmlCacheBehavior [ RunTime:0.001681s ]
INFO: [ app_begin ] --END-- [ RunTime:0.002773s ]
SQL: SHOW COLUMNS FROM `certificate` [ RunTime:0.0048s ]
SQL: SELECT * FROM `certificate` WHERE ( number=' jfaldjf' )  [ RunTime:0.0007s ]
INFO: [ app_end ] --START--
INFO: Run Behavior\ShowPageTraceBehavior [ RunTime:0.001843s ]
INFO: [ app_end ] --END-- [ RunTime:0.001937s ]

[ 2015-12-05T23:02:15+08:00 ] 222.20.54.153 /embahust/tea/
ERR: 无法加载控制器:Tea

[ 2015-12-05T23:05:10+08:00 ] ::1 /embahust/searchcer.html?0.9460790331941098
INFO: [ app_begin ] --START--
INFO: Run Behavior\ReadHtmlCacheBehavior [ RunTime:0.001071s ]
INFO: [ app_begin ] --END-- [ RunTime:0.001456s ]
SQL: SHOW COLUMNS FROM `certificate` [ RunTime:0.0046s ]
SQL: SELECT * FROM `certificate` WHERE ( number='U201310348' )  [ RunTime:0.0011s ]
INFO: [ app_end ] --START--
INFO: Run Behavior\ShowPageTraceBehavior [ RunTime:0.000957s ]
INFO: [ app_end ] --END-- [ RunTime:0.001039s ]

[ 2015-12-05T23:05:11+08:00 ] ::1 /embahust/searchcer.html?0.7748310039751232
INFO: [ app_begin ] --START--
INFO: Run Behavior\ReadHtmlCacheBehavior [ RunTime:0.000442s ]
INFO: [ app_begin ] --END-- [ RunTime:0.000788s ]
SQL: SHOW COLUMNS FROM `certificate` [ RunTime:0.0034s ]
SQL: SELECT * FROM `certificate` WHERE ( number='U201310348' )  [ RunTime:0.0003s ]
INFO: [ app_end ] --START--
INFO: Run Behavior\ShowPageTraceBehavior [ RunTime:0.000642s ]
INFO: [ app_end ] --END-- [ RunTime:0.000703s ]

[ 2015-12-05T23:05:19+08:00 ] ::1 /embahust/searchcer.html?0.485881449887529
INFO: [ app_begin ] --START--
INFO: Run Behavior\ReadHtmlCacheBehavior [ RunTime:0.000682s ]
INFO: [ app_begin ] --END-- [ RunTime:0.001133s ]
SQL: SHOW COLUMNS FROM `certificate` [ RunTime:0.0037s ]
SQL: SELECT * FROM `certificate` WHERE ( number='U201310348' )  [ RunTime:0.0003s ]
INFO: [ app_end ] --START--
INFO: Run Behavior\ShowPageTraceBehavior [ RunTime:0.000765s ]
INFO: [ app_end ] --END-- [ RunTime:0.000812s ]

[ 2015-12-05T23:05:20+08:00 ] ::1 /embahust/searchcer.html?0.35545173892751336
INFO: [ app_begin ] --START--
INFO: Run Behavior\ReadHtmlCacheBehavior [ RunTime:0.000473s ]
INFO: [ app_begin ] --END-- [ RunTime:0.000798s ]
SQL: SHOW COLUMNS FROM `certificate` [ RunTime:0.0037s ]
SQL: SELECT * FROM `certificate` WHERE ( number='U201310348' )  [ RunTime:0.0004s ]
INFO: [ app_end ] --START--
INFO: Run Behavior\ShowPageTraceBehavior [ RunTime:0.000673s ]
INFO: [ app_end ] --END-- [ RunTime:0.000718s ]

[ 2015-12-05T23:05:37+08:00 ] ::1 /embahust/searchcer.html?0.7840352321509272
INFO: [ app_begin ] --START--
INFO: Run Behavior\ReadHtmlCacheBehavior [ RunTime:0.000834s ]
INFO: [ app_begin ] --END-- [ RunTime:0.001204s ]
SQL: SHOW COLUMNS FROM `certificate` [ RunTime:0.0033s ]
SQL: SELECT * FROM `certificate` WHERE ( number='U201310348' )  [ RunTime:0.0003s ]
INFO: [ app_end ] --START--
INFO: Run Behavior\ShowPageTraceBehavior [ RunTime:0.001094s ]
INFO: [ app_end ] --END-- [ RunTime:0.001143s ]

[ 2015-12-05T23:05:56+08:00 ] ::1 /embahust/searchcer.html?0.35473432508297265
INFO: [ app_begin ] --START--
INFO: Run Behavior\ReadHtmlCacheBehavior [ RunTime:0.000507s ]
INFO: [ app_begin ] --END-- [ RunTime:0.000836s ]
SQL: SHOW COLUMNS FROM `certificate` [ RunTime:0.0038s ]
SQL: SELECT * FROM `certificate` WHERE ( number='U201310348' )  [ RunTime:0.0005s ]
INFO: [ app_end ] --START--
INFO: Run Behavior\ShowPageTraceBehavior [ RunTime:0.001272s ]
INFO: [ app_end ] --END-- [ RunTime:0.001356s ]

[ 2015-12-05T23:06:03+08:00 ] ::1 /embahust/searchcer.html?0.6708251109812409
INFO: [ app_begin ] --START--
INFO: Run Behavior\ReadHtmlCacheBehavior [ RunTime:0.001037s ]
INFO: [ app_begin ] --END-- [ RunTime:0.001839s ]
SQL: SHOW COLUMNS FROM `certificate` [ RunTime:0.0033s ]
SQL: SELECT * FROM `certificate` WHERE ( number='U201310348' )  [ RunTime:0.0003s ]
INFO: [ app_end ] --START--
INFO: Run Behavior\ShowPageTraceBehavior [ RunTime:0.000757s ]
INFO: [ app_end ] --END-- [ RunTime:0.000827s ]

[ 2015-12-05T23:08:46+08:00 ] ::1 /embahust/searchcer.html?0.41552121173605205
INFO: [ app_begin ] --START--
INFO: Run Behavior\ReadHtmlCacheBehavior [ RunTime:0.000582s ]
INFO: [ app_begin ] --END-- [ RunTime:0.000960s ]
SQL: SHOW COLUMNS FROM `certificate` [ RunTime:0.0036s ]
SQL: SELECT * FROM `certificate` WHERE ( number='简历；就' )  [ RunTime:0.0003s ]
INFO: [ app_end ] --START--
INFO: Run Behavior\ShowPageTraceBehavior [ RunTime:0.000794s ]
INFO: [ app_end ] --END-- [ RunTime:0.000841s ]

[ 2015-12-05T23:08:47+08:00 ] ::1 /embahust/searchcer.html?0.2391095548166336
INFO: [ app_begin ] --START--
INFO: Run Behavior\ReadHtmlCacheBehavior [ RunTime:0.000430s ]
INFO: [ app_begin ] --END-- [ RunTime:0.000733s ]
SQL: SHOW COLUMNS FROM `certificate` [ RunTime:0.0033s ]
SQL: SELECT * FROM `certificate` WHERE ( number='简历；就' )  [ RunTime:0.0003s ]
INFO: [ app_end ] --START--
INFO: Run Behavior\ShowPageTraceBehavior [ RunTime:0.000690s ]
INFO: [ app_end ] --END-- [ RunTime:0.000753s ]

[ 2015-12-05T23:08:48+08:00 ] ::1 /embahust/searchcer.html?0.6190735823871323
INFO: [ app_begin ] --START--
INFO: Run Behavior\ReadHtmlCacheBehavior [ RunTime:0.000534s ]
INFO: [ app_begin ] --END-- [ RunTime:0.000983s ]
SQL: SHOW COLUMNS FROM `certificate` [ RunTime:0.0035s ]
SQL: SELECT * FROM `certificate` WHERE ( number='简历；就' )  [ RunTime:0.0003s ]
INFO: [ app_end ] --START--
INFO: Run Behavior\ShowPageTraceBehavior [ RunTime:0.000672s ]
INFO: [ app_end ] --END-- [ RunTime:0.000721s ]

[ 2015-12-05T23:08:48+08:00 ] ::1 /embahust/searchcer.html?0.31644741788519043
INFO: [ app_begin ] --START--
INFO: Run Behavior\ReadHtmlCacheBehavior [ RunTime:0.001037s ]
INFO: [ app_begin ] --END-- [ RunTime:0.001673s ]
SQL: SHOW COLUMNS FROM `certificate` [ RunTime:0.0052s ]
SQL: SELECT * FROM `certificate` WHERE ( number='简历；就' )  [ RunTime:0.0003s ]
INFO: [ app_end ] --START--
INFO: Run Behavior\ShowPageTraceBehavior [ RunTime:0.000722s ]
INFO: [ app_end ] --END-- [ RunTime:0.000783s ]

[ 2015-12-05T23:08:55+08:00 ] ::1 /embahust/searchcer.html?0.600460690446198
INFO: [ app_begin ] --START--
INFO: Run Behavior\ReadHtmlCacheBehavior [ RunTime:0.000855s ]
INFO: [ app_begin ] --END-- [ RunTime:0.001315s ]
SQL: SHOW COLUMNS FROM `certificate` [ RunTime:0.0037s ]
SQL: SELECT * FROM `certificate` WHERE ( number='fasd' )  [ RunTime:0.0007s ]
INFO: [ app_end ] --START--
INFO: Run Behavior\ShowPageTraceBehavior [ RunTime:0.001823s ]
INFO: [ app_end ] --END-- [ RunTime:0.001903s ]

[ 2015-12-05T23:09:08+08:00 ] ::1 /embahust/searchcer.html?0.33073073788546026
INFO: [ app_begin ] --START--
INFO: Run Behavior\ReadHtmlCacheBehavior [ RunTime:0.000896s ]
INFO: [ app_begin ] --END-- [ RunTime:0.001531s ]
SQL: SHOW COLUMNS FROM `certificate` [ RunTime:0.0039s ]
SQL: SELECT * FROM `certificate` WHERE ( number='fasd' )  [ RunTime:0.0003s ]
INFO: [ app_end ] --START--
INFO: Run Behavior\ShowPageTraceBehavior [ RunTime:0.000667s ]
INFO: [ app_end ] --END-- [ RunTime:0.000714s ]

[ 2015-12-05T23:10:12+08:00 ] 222.20.73.28 /embahust/tea/
ERR: 无法加载控制器:Tea

[ 2015-12-05T23:10:24+08:00 ] ::1 /embahust/searchcer.html?0.35617684391362036
INFO: [ app_begin ] --START--
INFO: Run Behavior\ReadHtmlCacheBehavior [ RunTime:0.000832s ]
INFO: [ app_begin ] --END-- [ RunTime:0.001362s ]
SQL: SHOW COLUMNS FROM `certificate` [ RunTime:0.0035s ]
SQL: SELECT * FROM `certificate` WHERE ( number='发射点' )  [ RunTime:0.0003s ]
INFO: [ app_end ] --START--
INFO: Run Behavior\ShowPageTraceBehavior [ RunTime:0.000985s ]
INFO: [ app_end ] --END-- [ RunTime:0.001038s ]

[ 2015-12-05T23:10:42+08:00 ] ::1 /embahust/searchcer.html?0.29156393567585625
INFO: [ app_begin ] --START--
INFO: Run Behavior\ReadHtmlCacheBehavior [ RunTime:0.000628s ]
INFO: [ app_begin ] --END-- [ RunTime:0.000975s ]
SQL: SHOW COLUMNS FROM `certificate` [ RunTime:0.0033s ]
SQL: SELECT * FROM `certificate` WHERE ( number='是个啥地方' )  [ RunTime:0.0003s ]
INFO: [ app_end ] --START--
INFO: Run Behavior\ShowPageTraceBehavior [ RunTime:0.000688s ]
INFO: [ app_end ] --END-- [ RunTime:0.000738s ]

[ 2015-12-05T23:14:32+08:00 ] 222.20.73.28 /embahust/tea/
ERR: 无法加载控制器:Tea

[ 2015-12-05T23:14:58+08:00 ] 222.20.73.28 /embahust/tea/
ERR: 无法加载控制器:Tea

[ 2015-12-05T23:15:54+08:00 ] 222.20.73.28 /embahust/tea/
ERR: 无法加载控制器:Tea

[ 2015-12-05T23:19:11+08:00 ] 222.20.73.28 /embahust/tea/
ERR: 无法加载控制器:Tea

[ 2015-12-05T23:19:24+08:00 ] 222.20.73.28 /embahust/tea/
ERR: 无法加载控制器:Tea

[ 2015-12-05T23:19:40+08:00 ] 222.20.73.28 /embahust/tea/
ERR: 无法加载控制器:Tea

[ 2015-12-05T23:20:30+08:00 ] 222.20.73.28 /embahust/tea/
ERR: 无法加载控制器:Tea

[ 2015-12-05T23:21:04+08:00 ] 222.20.73.28 /embahust/tea/
ERR: 无法加载控制器:Tea

[ 2015-12-05T23:21:23+08:00 ] 222.20.73.28 /embahust/tea/
ERR: 无法加载控制器:Tea

[ 2015-12-05T23:21:24+08:00 ] 222.20.73.28 /embahust/tea/
ERR: 无法加载控制器:Tea

[ 2015-12-05T23:24:57+08:00 ] 222.20.73.28 /embahust/tea/
ERR: 无法加载控制器:Tea

[ 2015-12-05T23:26:45+08:00 ] ::1 /embahust/undefined
ERR: 无法加载控制器:Undefined

[ 2015-12-05T23:29:00+08:00 ] ::1 /embahust/undefined
ERR: 无法加载控制器:Undefined

[ 2015-12-05T23:31:59+08:00 ] 222.20.73.28 /embahust/tea/
ERR: 无法加载控制器:Tea

[ 2015-12-05T23:34:08+08:00 ] 222.20.73.28 /embahust/tea/
ERR: 无法加载控制器:Tea

[ 2015-12-05T23:34:39+08:00 ] 222.20.51.123 /embahust/undefined
ERR: 无法加载控制器:Undefined

[ 2015-12-05T23:35:07+08:00 ] 222.20.50.124 /embahust/undefined
ERR: 无法加载控制器:Undefined

[ 2015-12-05T23:35:29+08:00 ] 222.20.50.124 /embahust/undefined
ERR: 无法加载控制器:Undefined

[ 2015-12-05T23:35:35+08:00 ] 222.20.50.124 /embahust/undefined
ERR: 无法加载控制器:Undefined

[ 2015-12-05T23:35:45+08:00 ] 222.20.50.124 /embahust/tea/
ERR: 无法加载控制器:Tea

[ 2015-12-05T23:36:09+08:00 ] 222.20.50.124 /embahust/tea/
ERR: 无法加载控制器:Tea

[ 2015-12-05T23:36:11+08:00 ] 222.20.51.123 /embahust/undefined
ERR: 无法加载控制器:Undefined

[ 2015-12-05T23:36:13+08:00 ] 222.20.50.124 /embahust/tea/
ERR: 无法加载控制器:Tea

[ 2015-12-05T23:36:36+08:00 ] 222.20.50.124 /embahust/undefined
ERR: 无法加载控制器:Undefined

[ 2015-12-05T23:36:43+08:00 ] 222.20.51.123 /embahust/undefined
ERR: 无法加载控制器:Undefined

[ 2015-12-05T23:36:55+08:00 ] ::1 /embahust/undefined
ERR: 无法加载控制器:Undefined

[ 2015-12-05T23:36:57+08:00 ] 222.20.73.28 /embahust/tea/
ERR: 无法加载控制器:Tea

[ 2015-12-05T23:37:02+08:00 ] 222.20.50.124 /embahust/undefined
ERR: 无法加载控制器:Undefined

[ 2015-12-05T23:37:20+08:00 ] 222.20.50.124 /embahust/undefined
ERR: 无法加载控制器:Undefined

[ 2015-12-05T23:38:35+08:00 ] 222.20.73.28 /embahust/tea/
ERR: 无法加载控制器:Tea

[ 2015-12-05T23:39:03+08:00 ] 222.20.73.28 /embahust/undefined
ERR: 无法加载控制器:Undefined

[ 2015-12-05T23:39:09+08:00 ] 222.20.73.28 /embahust/undefined
ERR: 无法加载控制器:Undefined

[ 2015-12-05T23:39:17+08:00 ] 222.20.73.28 /embahust/undefined
ERR: 无法加载控制器:Undefined

[ 2015-12-05T23:39:18+08:00 ] 222.20.73.28 /embahust/undefined
ERR: 无法加载控制器:Undefined

[ 2015-12-05T23:39:22+08:00 ] 222.20.58.44 /embahust/undefined
ERR: 无法加载控制器:Undefined

[ 2015-12-05T23:40:15+08:00 ] 222.20.73.28 /embahust/undefined
ERR: 无法加载控制器:Undefined

[ 2015-12-05T23:40:21+08:00 ] 222.20.73.28 /embahust/undefined
ERR: 无法加载控制器:Undefined

[ 2015-12-05T23:40:55+08:00 ] 222.20.73.28 /embahust/undefined
ERR: 无法加载控制器:Undefined

[ 2015-12-05T23:41:16+08:00 ] 222.20.73.28 /embahust/undefined
ERR: 无法加载控制器:Undefined

[ 2015-12-05T23:42:38+08:00 ] ::1 /embahust/undefined
ERR: 无法加载控制器:Undefined

[ 2015-12-05T23:43:19+08:00 ] ::1 /embahust/undefined
ERR: 无法加载控制器:Undefined

[ 2015-12-05T23:44:10+08:00 ] 222.20.73.28 /embahust/undefined
ERR: 无法加载控制器:Undefined

[ 2015-12-05T23:46:05+08:00 ] ::1 /embahust/undefined
ERR: 无法加载控制器:Undefined

[ 2015-12-05T23:46:07+08:00 ] 222.20.73.28 /embahust/undefined
ERR: 无法加载控制器:Undefined

[ 2015-12-05T23:46:14+08:00 ] ::1 /embahust/undefined
ERR: 无法加载控制器:Undefined

[ 2015-12-05T23:46:17+08:00 ] 222.20.73.28 /embahust/undefined
ERR: 无法加载控制器:Undefined

[ 2015-12-05T23:46:53+08:00 ] ::1 /embahust/undefined
ERR: 无法加载控制器:Undefined

[ 2015-12-05T23:50:50+08:00 ] 222.20.73.28 /embahust/tea/
ERR: 无法加载控制器:Tea

[ 2015-12-05T23:53:41+08:00 ] ::1 /embahust/undefined
ERR: 无法加载控制器:Undefined

[ 2015-12-05T23:53:56+08:00 ] ::1 /embahust/undefined
ERR: 无法加载控制器:Undefined

[ 2015-12-05T23:54:16+08:00 ] ::1 /embahust/undefined
ERR: 无法加载控制器:Undefined

[ 2015-12-05T23:55:07+08:00 ] ::1 /embahust/undefined
ERR: 无法加载控制器:Undefined

[ 2015-12-05T23:56:20+08:00 ] ::1 /embahust/undefined
ERR: 无法加载控制器:Undefined

[ 2015-12-05T23:56:28+08:00 ] ::1 /embahust/undefined
ERR: 无法加载控制器:Undefined

[ 2015-12-05T23:56:30+08:00 ] 222.20.49.249 /embahust/undefined
ERR: 无法加载控制器:Undefined

[ 2015-12-05T23:57:24+08:00 ] ::1 /embahust/undefined
ERR: 无法加载控制器:Undefined

