[ 2015-12-04T12:53:33+08:00 ] ::1 /embahust/tea/
ERR: 无法加载控制器:Tea

[ 2015-12-04T12:54:47+08:00 ] ::1 /embahust/tea/
ERR: 无法加载控制器:Tea

[ 2015-12-04T12:54:47+08:00 ] ::1 /embahust/tea/
ERR: 无法加载控制器:Tea

[ 2015-12-04T12:56:59+08:00 ] ::1 /embahust/tea/
ERR: 无法加载控制器:Tea

[ 2015-12-04T12:57:06+08:00 ] ::1 /embahust/tea/
ERR: 无法加载控制器:Tea

[ 2015-12-04T12:57:58+08:00 ] ::1 /embahust/tea/
ERR: 无法加载控制器:Tea

[ 2015-12-04T12:58:24+08:00 ] ::1 /embahust/tea/
ERR: 无法加载控制器:Tea

[ 2015-12-04T12:58:24+08:00 ] ::1 /embahust/tea/
ERR: 无法加载控制器:Tea

[ 2015-12-04T12:58:27+08:00 ] ::1 /embahust/tea/
ERR: 无法加载控制器:Tea

[ 2015-12-04T12:59:15+08:00 ] ::1 /embahust/tea/
ERR: 无法加载控制器:Tea

[ 2015-12-04T12:59:25+08:00 ] ::1 /embahust/tea/
ERR: 无法加载控制器:Tea

[ 2015-12-04T13:00:13+08:00 ] ::1 /embahust/tea/
ERR: 无法加载控制器:Tea

[ 2015-12-04T13:00:32+08:00 ] ::1 /embahust/tea/
ERR: 无法加载控制器:Tea

[ 2015-12-04T13:00:47+08:00 ] ::1 /embahust/tea/
ERR: 无法加载控制器:Tea

[ 2015-12-04T13:01:24+08:00 ] ::1 /embahust/tea/
ERR: 无法加载控制器:Tea

[ 2015-12-04T13:01:35+08:00 ] ::1 /embahust/tea/
ERR: 无法加载控制器:Tea

[ 2015-12-04T13:01:40+08:00 ] ::1 /embahust/tea/
ERR: 无法加载控制器:Tea

[ 2015-12-04T13:01:46+08:00 ] ::1 /embahust/tea/
ERR: 无法加载控制器:Tea

[ 2015-12-04T13:01:54+08:00 ] ::1 /embahust/tea/
ERR: 无法加载控制器:Tea

[ 2015-12-04T13:02:56+08:00 ] ::1 /embahust/tea/
ERR: 无法加载控制器:Tea

[ 2015-12-04T13:03:08+08:00 ] ::1 /embahust/tea/
ERR: 无法加载控制器:Tea

[ 2015-12-04T13:18:35+08:00 ] ::1 /embahust/test
ERR: 非法操作:cominfo

[ 2015-12-04T13:19:21+08:00 ] ::1 /embahust/test
ERR: 非法操作:cominfo

[ 2015-12-04T13:19:22+08:00 ] ::1 /embahust/test
ERR: 非法操作:cominfo

[ 2015-12-04T13:19:28+08:00 ] ::1 /embahust/test
ERR: 非法操作:cominfo

[ 2015-12-04T13:19:36+08:00 ] ::1 /embahust/atest
ERR: 无法加载控制器:Atest

[ 2015-12-04T13:19:56+08:00 ] ::1 /embahust/test
ERR: 无法加载控制器:Test

[ 2015-12-04T13:52:07+08:00 ] ::1 /embahust/tea/
ERR: 无法加载控制器:Tea

[ 2015-12-04T13:52:07+08:00 ] ::1 /embahust/tea/
ERR: 无法加载控制器:Tea

[ 2015-12-04T13:52:30+08:00 ] ::1 /embahust/tea/
ERR: 无法加载控制器:Tea

[ 2015-12-04T13:54:17+08:00 ] ::1 /embahust/tea/
ERR: 无法加载控制器:Tea

[ 2015-12-04T13:54:21+08:00 ] ::1 /embahust/tea/
ERR: 无法加载控制器:Tea

[ 2015-12-04T13:55:33+08:00 ] ::1 /embahust/tea/
ERR: 无法加载控制器:Tea

[ 2015-12-04T13:55:33+08:00 ] ::1 /embahust/tea/
ERR: 无法加载控制器:Tea

[ 2015-12-04T13:55:42+08:00 ] ::1 /embahust/tea/
ERR: 无法加载控制器:Tea

[ 2015-12-04T13:55:42+08:00 ] ::1 /embahust/tea/
ERR: 无法加载控制器:Tea

[ 2015-12-04T13:55:48+08:00 ] ::1 /embahust/tea/
ERR: 无法加载控制器:Tea

[ 2015-12-04T13:56:14+08:00 ] ::1 /embahust/tea/
ERR: 无法加载控制器:Tea

[ 2015-12-04T13:56:26+08:00 ] ::1 /embahust/tea/
ERR: 无法加载控制器:Tea

[ 2015-12-04T13:58:55+08:00 ] ::1 /embahust/tea/
ERR: 无法加载控制器:Tea

[ 2015-12-04T14:00:11+08:00 ] ::1 /embahust/tea/
ERR: 无法加载控制器:Tea

[ 2015-12-04T14:00:11+08:00 ] ::1 /embahust/tea/
ERR: 无法加载控制器:Tea

[ 2015-12-04T14:00:57+08:00 ] ::1 /embahust/tea/
ERR: 无法加载控制器:Tea

[ 2015-12-04T14:04:32+08:00 ] ::1 /embahust/tea/
ERR: 无法加载控制器:Tea

[ 2015-12-04T14:05:25+08:00 ] ::1 /embahust/tea/
ERR: 无法加载控制器:Tea

[ 2015-12-04T14:05:31+08:00 ] ::1 /embahust/tea/
ERR: 无法加载控制器:Tea

[ 2015-12-04T14:05:34+08:00 ] ::1 /embahust/tea/
ERR: 无法加载控制器:Tea

[ 2015-12-04T14:08:26+08:00 ] ::1 /embahust/tea/
ERR: 无法加载控制器:Tea

[ 2015-12-04T14:08:33+08:00 ] ::1 /embahust/tea/
ERR: 无法加载控制器:Tea

[ 2015-12-04T14:09:11+08:00 ] ::1 /embahust/tea/
ERR: 无法加载控制器:Tea

[ 2015-12-04T14:15:44+08:00 ] ::1 /embahust/tea/
ERR: 无法加载控制器:Tea

[ 2015-12-04T14:19:18+08:00 ] ::1 /embahust./Public/image/201512031541592345.jpg%7D
ERR: 无法加载控制器:Public

[ 2015-12-04T14:19:18+08:00 ] ::1 /embahust./Public/image/201512031541592345.jpg%7D
ERR: 无法加载控制器:Public

[ 2015-12-04T14:19:41+08:00 ] ::1 /embahust/Public/image/201512031541592345.jpg%7D
ERR: 无法加载控制器:Public

[ 2015-12-04T14:19:41+08:00 ] ::1 /embahust/Public/image/201512031541592345.jpg%7D
ERR: 无法加载控制器:Public

[ 2015-12-04T14:20:08+08:00 ] ::1 /embahust/tea/
ERR: 无法加载控制器:Tea

[ 2015-12-04T14:23:12+08:00 ] ::1 /embahust/tea/
ERR: 无法加载控制器:Tea

[ 2015-12-04T14:23:17+08:00 ] ::1 /embahust/tea/
ERR: 无法加载控制器:Tea

[ 2015-12-04T14:23:44+08:00 ] ::1 /embahust/tea/
ERR: 无法加载控制器:Tea

[ 2015-12-04T14:45:43+08:00 ] ::1 /embahust/tea/
ERR: 无法加载控制器:Tea

[ 2015-12-04T14:45:46+08:00 ] ::1 /embahust/tea/
ERR: 无法加载控制器:Tea

[ 2015-12-04T14:45:46+08:00 ] ::1 /embahust/tea/
ERR: 无法加载控制器:Tea

[ 2015-12-04T14:46:43+08:00 ] ::1 /embahust/tea/
ERR: 无法加载控制器:Tea

[ 2015-12-04T14:46:45+08:00 ] ::1 /embahust/tea/
ERR: 无法加载控制器:Tea

[ 2015-12-04T14:47:57+08:00 ] ::1 /embahust/tea/
ERR: 无法加载控制器:Tea

[ 2015-12-04T14:48:01+08:00 ] ::1 /embahust/tea/
ERR: 无法加载控制器:Tea

[ 2015-12-04T17:47:26+08:00 ] ::1 /embahust/tea/
ERR: 无法加载控制器:Tea

[ 2015-12-04T18:47:54+08:00 ] ::1 /embahust/tea/
ERR: 无法加载控制器:Tea

[ 2015-12-04T19:29:51+08:00 ] ::1 /embahust/tea/
ERR: 无法加载控制器:Tea

[ 2015-12-04T19:29:53+08:00 ] ::1 /embahust/tea/
ERR: 无法加载控制器:Tea

[ 2015-12-04T19:31:27+08:00 ] ::1 /embahust/tea/
ERR: 无法加载控制器:Tea

[ 2015-12-04T19:53:37+08:00 ] 222.20.51.123 /embahust/tea/
ERR: 无法加载控制器:Tea

[ 2015-12-04T19:56:41+08:00 ] 222.20.58.44 /embahust/tea/
ERR: 无法加载控制器:Tea

[ 2015-12-04T19:56:43+08:00 ] 222.20.58.44 /embahust/tea/
ERR: 无法加载控制器:Tea

[ 2015-12-04T20:12:50+08:00 ] 222.20.58.44 /embahust/tea/
ERR: 无法加载控制器:Tea

[ 2015-12-04T20:13:56+08:00 ] ::1 /embahust/tea/
ERR: 无法加载控制器:Tea

[ 2015-12-04T20:14:30+08:00 ] 222.20.58.44 /embahust/tea/
ERR: 无法加载控制器:Tea

[ 2015-12-04T20:14:40+08:00 ] 222.20.58.44 /embahust/tea/
ERR: 无法加载控制器:Tea

[ 2015-12-04T20:14:48+08:00 ] 222.20.58.44 /embahust/tea/
ERR: 无法加载控制器:Tea

[ 2015-12-04T20:15:07+08:00 ] 222.20.58.44 /embahust/tea/
ERR: 无法加载控制器:Tea

[ 2015-12-04T20:15:09+08:00 ] 222.20.58.44 /embahust/tea/
ERR: 无法加载控制器:Tea

[ 2015-12-04T20:15:11+08:00 ] 222.20.58.44 /embahust/tea/
ERR: 无法加载控制器:Tea

[ 2015-12-04T20:15:12+08:00 ] 222.20.58.44 /embahust/tea/
ERR: 无法加载控制器:Tea

[ 2015-12-04T20:15:54+08:00 ] 222.20.58.44 /embahust/tea/
ERR: 无法加载控制器:Tea

[ 2015-12-04T20:17:39+08:00 ] ::1 /embahust/tea/
ERR: 无法加载控制器:Tea

[ 2015-12-04T20:17:54+08:00 ] ::1 /embahust/tea/
ERR: 无法加载控制器:Tea

[ 2015-12-04T20:22:40+08:00 ] 222.20.58.44 /embahust/tea/
ERR: 无法加载控制器:Tea

[ 2015-12-04T20:24:09+08:00 ] 222.20.58.44 /embahust/tea/
ERR: 无法加载控制器:Tea

[ 2015-12-04T20:26:46+08:00 ] 222.20.58.44 /embahust/tea/
ERR: 无法加载控制器:Tea

[ 2015-12-04T20:26:48+08:00 ] 222.20.58.44 /embahust/tea/
ERR: 无法加载控制器:Tea

[ 2015-12-04T21:22:37+08:00 ] 115.156.206.236 /embahust/tea/
ERR: 无法加载控制器:Tea

[ 2015-12-04T21:22:50+08:00 ] 115.156.206.236 /embahust/tea/
ERR: 无法加载控制器:Tea

[ 2015-12-04T21:23:09+08:00 ] 115.156.206.236 /embahust/tea/
ERR: 无法加载控制器:Tea

[ 2015-12-04T21:23:43+08:00 ] 115.156.206.236 /embahust/tea/
ERR: 无法加载控制器:Tea

[ 2015-12-04T21:27:14+08:00 ] ::1 /embahust/tea/
ERR: 无法加载控制器:Tea

[ 2015-12-04T21:27:19+08:00 ] ::1 /embahust/tea/
ERR: 无法加载控制器:Tea

[ 2015-12-04T21:29:25+08:00 ] ::1 /embahust/tea/
ERR: 无法加载控制器:Tea

[ 2015-12-04T21:29:30+08:00 ] 115.156.206.236 /embahust/tea/
ERR: 无法加载控制器:Tea

[ 2015-12-04T21:30:46+08:00 ] ::1 /embahust/tea/
ERR: 无法加载控制器:Tea

[ 2015-12-04T21:31:24+08:00 ] ::1 /embahust/tea/
ERR: 无法加载控制器:Tea

[ 2015-12-04T21:32:01+08:00 ] ::1 /embahust/tea/
ERR: 无法加载控制器:Tea

[ 2015-12-04T21:33:37+08:00 ] 222.20.58.44 /embahust/tea/
ERR: 无法加载控制器:Tea

[ 2015-12-04T21:33:50+08:00 ] 222.20.58.44 /embahust/tea/
ERR: 无法加载控制器:Tea

[ 2015-12-04T21:36:55+08:00 ] 222.20.58.44 /embahust/tea/
ERR: 无法加载控制器:Tea

[ 2015-12-04T21:41:47+08:00 ] ::1 /embahust/tea/
ERR: 无法加载控制器:Tea

[ 2015-12-04T21:42:39+08:00 ] ::1 /embahust/tea/
ERR: 无法加载控制器:Tea

[ 2015-12-04T21:42:43+08:00 ] ::1 /embahust/tea/
ERR: 无法加载控制器:Tea

[ 2015-12-04T21:43:27+08:00 ] ::1 /embahust/tea/
ERR: 无法加载控制器:Tea

[ 2015-12-04T21:43:29+08:00 ] ::1 /embahust/tea/
ERR: 无法加载控制器:Tea

[ 2015-12-04T21:43:59+08:00 ] ::1 /embahust/tea/
ERR: 无法加载控制器:Tea

[ 2015-12-04T21:44:04+08:00 ] ::1 /embahust/tea/
ERR: 无法加载控制器:Tea

[ 2015-12-04T21:44:25+08:00 ] ::1 /embahust/tea/
ERR: 无法加载控制器:Tea

[ 2015-12-04T21:48:31+08:00 ] ::1 /embahust/tea/
ERR: 无法加载控制器:Tea

[ 2015-12-04T21:48:31+08:00 ] ::1 /embahust/tea/
ERR: 无法加载控制器:Tea

[ 2015-12-04T21:53:38+08:00 ] ::1 /embahust/tea/
ERR: 无法加载控制器:Tea

[ 2015-12-04T21:54:09+08:00 ] ::1 /embahust/Public/home/css/template.css
ERR: 无法加载控制器:Public

[ 2015-12-04T21:54:09+08:00 ] ::1 /embahust/Public/home/css/formreset.css
ERR: 无法加载控制器:Public

[ 2015-12-04T21:54:09+08:00 ] ::1 /embahust/Public/home/css/teacher.css
ERR: 无法加载控制器:Public

[ 2015-12-04T21:54:09+08:00 ] 222.20.58.44 /embahust/Public/home/css/formreset.css
ERR: 无法加载控制器:Public

[ 2015-12-04T21:54:09+08:00 ] 222.20.58.44 /embahust/Public/home/css/template.css
ERR: 无法加载控制器:Public

[ 2015-12-04T21:54:09+08:00 ] 222.20.58.44 /embahust/Public/home/css/teacher.css
ERR: 无法加载控制器:Public

[ 2015-12-04T21:54:10+08:00 ] 222.20.58.44 /embahust/Public/home/css/formreset.css
ERR: 无法加载控制器:Public

[ 2015-12-04T21:54:10+08:00 ] 222.20.58.44 /embahust/Public/home/css/template.css
ERR: 无法加载控制器:Public

[ 2015-12-04T21:54:10+08:00 ] 222.20.58.44 /embahust/Public/home/css/teacher.css
ERR: 无法加载控制器:Public

[ 2015-12-04T21:54:11+08:00 ] 222.20.58.44 /embahust/Public/home/css/formreset.css
ERR: 无法加载控制器:Public

[ 2015-12-04T21:54:11+08:00 ] 222.20.58.44 /embahust/Public/home/css/template.css
ERR: 无法加载控制器:Public

[ 2015-12-04T21:54:11+08:00 ] 222.20.58.44 /embahust/Public/home/css/teacher.css
ERR: 无法加载控制器:Public

[ 2015-12-04T21:54:12+08:00 ] 222.20.58.44 /embahust/Public/home/css/formreset.css
ERR: 无法加载控制器:Public

[ 2015-12-04T21:54:12+08:00 ] 222.20.58.44 /embahust/Public/home/css/template.css
ERR: 无法加载控制器:Public

[ 2015-12-04T21:54:12+08:00 ] 222.20.58.44 /embahust/Public/home/css/teacher.css
ERR: 无法加载控制器:Public

[ 2015-12-04T21:54:12+08:00 ] 222.20.58.44 /embahust/Public/home/css/formreset.css
ERR: 无法加载控制器:Public

[ 2015-12-04T21:54:12+08:00 ] 222.20.58.44 /embahust/Public/home/css/template.css
ERR: 无法加载控制器:Public

[ 2015-12-04T21:54:12+08:00 ] 222.20.58.44 /embahust/Public/home/css/teacher.css
ERR: 无法加载控制器:Public

[ 2015-12-04T21:54:12+08:00 ] 222.20.58.44 /embahust/Public/home/css/formreset.css
ERR: 无法加载控制器:Public

[ 2015-12-04T21:54:12+08:00 ] 222.20.58.44 /embahust/Public/home/css/template.css
ERR: 无法加载控制器:Public

[ 2015-12-04T21:54:12+08:00 ] 222.20.58.44 /embahust/Public/home/css/teacher.css
ERR: 无法加载控制器:Public

[ 2015-12-04T21:54:13+08:00 ] 222.20.58.44 /embahust/Public/home/css/formreset.css
ERR: 无法加载控制器:Public

[ 2015-12-04T21:54:13+08:00 ] 222.20.58.44 /embahust/Public/home/css/template.css
ERR: 无法加载控制器:Public

[ 2015-12-04T21:54:13+08:00 ] 222.20.58.44 /embahust/Public/home/css/teacher.css
ERR: 无法加载控制器:Public

[ 2015-12-04T21:54:14+08:00 ] 222.20.58.44 /embahust/Public/home/css/formreset.css
ERR: 无法加载控制器:Public

[ 2015-12-04T21:54:14+08:00 ] 222.20.58.44 /embahust/Public/home/css/template.css
ERR: 无法加载控制器:Public

[ 2015-12-04T21:54:14+08:00 ] 222.20.58.44 /embahust/Public/home/css/teacher.css
ERR: 无法加载控制器:Public

[ 2015-12-04T21:54:14+08:00 ] 222.20.58.44 /embahust/Public/home/css/formreset.css
ERR: 无法加载控制器:Public

[ 2015-12-04T21:54:14+08:00 ] 222.20.58.44 /embahust/Public/home/css/template.css
ERR: 无法加载控制器:Public

[ 2015-12-04T21:54:14+08:00 ] 222.20.58.44 /embahust/Public/home/css/teacher.css
ERR: 无法加载控制器:Public

[ 2015-12-04T21:54:15+08:00 ] 222.20.58.44 /embahust/Public/home/css/formreset.css
ERR: 无法加载控制器:Public

[ 2015-12-04T21:54:15+08:00 ] 222.20.58.44 /embahust/Public/home/css/template.css
ERR: 无法加载控制器:Public

[ 2015-12-04T21:54:15+08:00 ] 222.20.58.44 /embahust/Public/home/css/teacher.css
ERR: 无法加载控制器:Public

[ 2015-12-04T21:54:15+08:00 ] 222.20.58.44 /embahust/Public/home/css/formreset.css
ERR: 无法加载控制器:Public

[ 2015-12-04T21:54:15+08:00 ] 222.20.58.44 /embahust/Public/home/css/template.css
ERR: 无法加载控制器:Public

[ 2015-12-04T21:54:16+08:00 ] 222.20.58.44 /embahust/Public/home/css/teacher.css
ERR: 无法加载控制器:Public

[ 2015-12-04T21:56:50+08:00 ] ::1 /embahust/tea/
ERR: 无法加载控制器:Tea

[ 2015-12-04T23:31:50+08:00 ] 222.20.73.28 /embahust/tea/
ERR: 无法加载控制器:Tea

[ 2015-12-04T23:32:10+08:00 ] 222.20.73.28 /embahust/tea/
ERR: 无法加载控制器:Tea

[ 2015-12-04T23:41:05+08:00 ] 222.20.51.123 /embahust/tea/
ERR: 无法加载控制器:Tea

[ 2015-12-04T23:41:10+08:00 ] 222.20.51.123 /embahust/tea/
ERR: 无法加载控制器:Tea

[ 2015-12-04T23:42:39+08:00 ] 222.20.51.123 /embahust/tea/
ERR: 无法加载控制器:Tea

