[ 2015-11-14T18:55:42+08:00 ] ::1 /embahust/admin
INFO: [ app_init ] --START--
INFO: Run Behavior\BuildLiteBehavior [ RunTime:0.000020s ]
INFO: [ app_init ] --END-- [ RunTime:0.000431s ]
ERR: 无法加载模块:Admin

[ 2015-11-14T18:55:53+08:00 ] ::1 /embahust/admin
INFO: [ app_init ] --START--
INFO: Run Behavior\BuildLiteBehavior [ RunTime:0.000015s ]
INFO: [ app_init ] --END-- [ RunTime:0.000407s ]
ERR: 无法加载模块:Admin

[ 2015-11-14T19:11:41+08:00 ] ::1 /embahust/pages/index.html
ERR: 无法加载模块:Pages

[ 2015-11-14T19:12:24+08:00 ] ::1 /embahust/pages/index.html
ERR: 无法加载模块:Pages

[ 2015-11-14T19:12:27+08:00 ] ::1 /embahust/pages/index.html
ERR: 无法加载模块:Pages

[ 2015-11-14T19:14:20+08:00 ] ::1 /embahust/pages/index.html
ERR: 无法加载模块:Pages

[ 2015-11-14T19:14:29+08:00 ] ::1 /embahust/flot.html
ERR: 无法加载模块:Flot

[ 2015-11-14T19:14:32+08:00 ] ::1 /embahust/index.html
ERR: 无法加载模块:Index

[ 2015-11-14T19:17:20+08:00 ] ::1 /embahust/index.html
ERR: 无法加载模块:Index

[ 2015-11-14T19:43:26+08:00 ] ::1 /embahust/index.php/login/login
ERR: 无法加载模块:Login

