[ 2015-11-15T15:46:53+08:00 ] ::1 /embahust/index.php/Admin/login/login.html
ERR: 1064:You have an error in your SQL syntax; check the manual that corresponds to your MariaDB server version for the right syntax to use near ') LIMIT 1' at line 1
 [ SQL语句 ] : SELECT * FROM `manager` WHERE ( username= ) LIMIT 1  

[ 2015-11-15T15:47:39+08:00 ] ::1 /embahust/index.php/Admin/login/login.html
ERR: 1064:You have an error in your SQL syntax; check the manual that corresponds to your MariaDB server version for the right syntax to use near ') LIMIT 1' at line 1
 [ SQL语句 ] : SELECT * FROM `manager` WHERE ( username= ) LIMIT 1  

[ 2015-11-15T15:47:48+08:00 ] ::1 /embahust/index.php/Admin/login/login.html
ERR: 1064:You have an error in your SQL syntax; check the manual that corresponds to your MariaDB server version for the right syntax to use near ') LIMIT 1' at line 1
 [ SQL语句 ] : SELECT * FROM `manager` WHERE ( username= ) LIMIT 1  

[ 2015-11-15T15:48:29+08:00 ] ::1 /embahust/index.php/Admin/login/login.html
ERR: 1064:You have an error in your SQL syntax; check the manual that corresponds to your MariaDB server version for the right syntax to use near ') LIMIT 1' at line 1
 [ SQL语句 ] : SELECT * FROM `manager` WHERE ( username= ) LIMIT 1  

[ 2015-11-15T15:48:33+08:00 ] ::1 /embahust/index.php/Admin/login/login.html
ERR: 1064:You have an error in your SQL syntax; check the manual that corresponds to your MariaDB server version for the right syntax to use near ') LIMIT 1' at line 1
 [ SQL语句 ] : SELECT * FROM `manager` WHERE ( username= ) LIMIT 1  

[ 2015-11-15T15:49:50+08:00 ] ::1 /embahust/index.php/Admin/login/login.html
ERR: 1064:You have an error in your SQL syntax; check the manual that corresponds to your MariaDB server version for the right syntax to use near ') LIMIT 1' at line 1
 [ SQL语句 ] : SELECT * FROM `manager` WHERE ( username =  ) LIMIT 1  

[ 2015-11-15T15:50:10+08:00 ] ::1 /embahust/index.php/Admin/login/login.html
ERR: 1054:Unknown column 'embahust' in 'where clause'
 [ SQL语句 ] : SELECT * FROM `manager` WHERE ( username = embahust ) LIMIT 1  

[ 2015-11-15T15:56:03+08:00 ] ::1 /embahust/index.php/Admin/login/login.html
ERR: Think\Model:gerField方法不存在！

[ 2015-11-15T16:01:09+08:00 ] ::1 /embahust/index.php/Admin/index/login.html
ERR: 非法操作:login

[ 2015-11-15T16:03:19+08:00 ] ::1 /embahust/index.php/Admin/index/login.html
ERR: 非法操作:login

[ 2015-11-15T16:03:42+08:00 ] ::1 /embahust/index.php/Admin/index/login.html
ERR: 非法操作:login

