[ 2015-11-17T13:17:00+08:00 ] ::1 /embahust/index.php/Admin/index/tables.html
ERR: 非法操作:tables

[ 2015-11-17T14:13:37+08:00 ] ::1 /embahust/index.php/Admin/index/delenrol.html/id/1
ERR: 非法操作:delenrol.html

[ 2015-11-17T14:14:03+08:00 ] ::1 /embahust/index.php/Admin/index/delenrol.html/id/1
ERR: 非法操作:delenrol.html

[ 2015-11-17T14:15:06+08:00 ] ::1 /embahust/index.php/Admin/index/delenrol.html/id/1
ERR: 非法操作:delenrol.html

[ 2015-11-17T14:15:47+08:00 ] ::1 /embahust/index.php/Admin/index/delenrol.html/id/1
ERR: 非法操作:delenrol.html

[ 2015-11-17T14:16:24+08:00 ] ::1 /embahust/index.php/Admin/index/delenrol.html/id/1
ERR: 非法操作:delenrol.html

[ 2015-11-17T14:17:33+08:00 ] ::1 /embahust/index.php/Admin/index/delenrol.html/id/1
ERR: 非法操作:delenrol.html

[ 2015-11-17T14:17:36+08:00 ] ::1 /embahust/index.php/Admin/index/delenrol.html/id/1
ERR: 非法操作:delenrol.html

[ 2015-11-17T14:18:15+08:00 ] ::1 /embahust/index.php/Admin/index/delenrol.html/id/1
ERR: 非法操作:delenrol.html

[ 2015-11-17T14:20:09+08:00 ] ::1 /embahust/index.php/Admin/index/delenrol.html/id/1
ERR: 非法操作:delenrol.html

[ 2015-11-17T14:20:59+08:00 ] ::1 /embahust/index.php/Admin/index/delenrol.html/id/1
ERR: 非法操作:delenrol.html

[ 2015-11-17T14:28:36+08:00 ] ::1 /embahust/index.php/Admin/index/delenrol?id=1
ERR: Think\Model:del方法不存在！

[ 2015-11-17T15:01:08+08:00 ] ::1 /embahust/index.php/Admin/index/forms.html
ERR: 非法操作:forms

[ 2015-11-17T15:28:06+08:00 ] ::1 /embahust/index.php/Admin/index/panels-wells.html
ERR: 非法操作:panels-wells

[ 2015-11-17T15:32:06+08:00 ] ::1 /embahust/index.php/Admin/login
ERR: 非法操作:index

[ 2015-11-17T19:48:31+08:00 ] ::1 /embahust/index.php/Admin/index/panels-wells.html
ERR: 非法操作:panels-wells

[ 2015-11-17T20:20:20+08:00 ] ::1 /embahust/index.php/Admin/index/buttons.html
ERR: 非法操作:buttons

[ 2015-11-17T20:23:56+08:00 ] ::1 /embahust/index.php/Admin/index/buttons.html
ERR: 非法操作:buttons

[ 2015-11-17T22:02:42+08:00 ] ::1 /embahust/index.php/Admin/index/buttons.html
ERR: 非法操作:buttons

[ 2015-11-17T22:02:46+08:00 ] ::1 /embahust/index.php/Admin/index/buttons.html
ERR: 非法操作:buttons

[ 2015-11-17T22:02:50+08:00 ] ::1 /embahust/index.php/Admin/index/buttons.html
ERR: 非法操作:buttons

[ 2015-11-17T22:02:55+08:00 ] ::1 /embahust/index.php/Admin/index/showteacher?id=1
ERR: 非法操作:showteacher

[ 2015-11-17T22:03:00+08:00 ] ::1 /embahust/index.php/Admin/index/delteacher?id=1
ERR: 非法操作:delteacher

[ 2015-11-17T22:05:40+08:00 ] ::1 /embahust/index.php/Admin/index/delteacher?id=1
ERR: 非法操作:delteacher

[ 2015-11-17T22:13:15+08:00 ] ::1 /embahust/index.php/Admin/index/buttons.html
ERR: 非法操作:buttons

[ 2015-11-17T22:26:29+08:00 ] ::1 /embahust/index.php/Admin/index/panels-wells.html
ERR: 非法操作:panels-wells

[ 2015-11-17T22:26:35+08:00 ] ::1 /embahust/index.php/Admin/index/buttons.html
ERR: 非法操作:buttons

[ 2015-11-17T22:27:02+08:00 ] ::1 /embahust/index.php/Admin/index/showtea.html
ERR: 参数错误或者未定义:id

[ 2015-11-17T22:28:13+08:00 ] ::1 /embahust/index.php/Admin/index/showtea?id=6
ERR: 模板不存在:./Application/Admin/View/admin/.html

[ 2015-11-17T22:42:08+08:00 ] ::1 /embahust/index.php/Admin/index/panels-wells.html
ERR: 非法操作:panels-wells

[ 2015-11-17T23:04:33+08:00 ] ::1 /embahust/index.php/Admin/index/panels-wells.html
ERR: 非法操作:panels-wells

[ 2015-11-17T23:23:52+08:00 ] ::1 /embahust/index.php/Admin/index/buttons.html
ERR: 非法操作:buttons

