[ 2015-11-14T18:56:10+08:00 ] ::1 /embahust/admin
INFO: [ app_init ] --START--
INFO: Run Behavior\BuildLiteBehavior [ RunTime:0.000016s ]
INFO: [ app_init ] --END-- [ RunTime:0.000672s ]
INFO: [ app_begin ] --START--
INFO: Run Behavior\ReadHtmlCacheBehavior [ RunTime:0.000689s ]
INFO: [ app_begin ] --END-- [ RunTime:0.000747s ]
ERR: 无法加载控制器:Admin

[ 2015-11-14T18:56:22+08:00 ] ::1 /embahust/home
INFO: [ app_init ] --START--
INFO: Run Behavior\BuildLiteBehavior [ RunTime:0.000015s ]
INFO: [ app_init ] --END-- [ RunTime:0.000391s ]
INFO: [ app_begin ] --START--
INFO: Run Behavior\ReadHtmlCacheBehavior [ RunTime:0.000612s ]
INFO: [ app_begin ] --END-- [ RunTime:0.000662s ]
ERR: 无法加载控制器:Home

[ 2015-11-14T18:56:26+08:00 ] ::1 /embahust/
INFO: [ app_init ] --START--
INFO: Run Behavior\BuildLiteBehavior [ RunTime:0.000013s ]
INFO: [ app_init ] --END-- [ RunTime:0.000317s ]
INFO: [ app_begin ] --START--
INFO: Run Behavior\ReadHtmlCacheBehavior [ RunTime:0.000448s ]
INFO: [ app_begin ] --END-- [ RunTime:0.000493s ]
INFO: [ view_parse ] --START--
INFO: [ template_filter ] --START--
INFO: Run Behavior\ContentReplaceBehavior [ RunTime:0.000040s ]
INFO: [ template_filter ] --END-- [ RunTime:0.000110s ]
INFO: Run Behavior\ParseTemplateBehavior [ RunTime:0.006649s ]
INFO: [ view_parse ] --END-- [ RunTime:0.006712s ]
INFO: [ view_filter ] --START--
INFO: Run Behavior\WriteHtmlCacheBehavior [ RunTime:0.000465s ]
INFO: [ view_filter ] --END-- [ RunTime:0.000505s ]
INFO: [ app_end ] --START--
INFO: Run Behavior\ShowPageTraceBehavior [ RunTime:0.000646s ]
INFO: [ app_end ] --END-- [ RunTime:0.000686s ]

[ 2015-11-14T18:56:34+08:00 ] ::1 /embahust/index.php/admin
INFO: [ app_init ] --START--
INFO: Run Behavior\BuildLiteBehavior [ RunTime:0.000013s ]
INFO: [ app_init ] --END-- [ RunTime:0.000338s ]
INFO: [ app_begin ] --START--
INFO: Run Behavior\ReadHtmlCacheBehavior [ RunTime:0.000436s ]
INFO: [ app_begin ] --END-- [ RunTime:0.000480s ]
ERR: 无法加载控制器:Admin

[ 2015-11-14T19:01:17+08:00 ] ::1 /embahust/admin
INFO: [ app_init ] --START--
INFO: Run Behavior\BuildLiteBehavior [ RunTime:0.000013s ]
INFO: [ app_init ] --END-- [ RunTime:0.000388s ]
INFO: [ app_begin ] --START--
INFO: Run Behavior\ReadHtmlCacheBehavior [ RunTime:0.000535s ]
INFO: [ app_begin ] --END-- [ RunTime:0.000582s ]
ERR: 无法加载控制器:Admin

[ 2015-11-14T19:01:19+08:00 ] ::1 /embahust/admin
INFO: [ app_init ] --START--
INFO: Run Behavior\BuildLiteBehavior [ RunTime:0.000014s ]
INFO: [ app_init ] --END-- [ RunTime:0.000320s ]
INFO: [ app_begin ] --START--
INFO: Run Behavior\ReadHtmlCacheBehavior [ RunTime:0.000429s ]
INFO: [ app_begin ] --END-- [ RunTime:0.000475s ]
ERR: 无法加载控制器:Admin

[ 2015-11-14T19:02:35+08:00 ] ::1 /embahust/
INFO: [ app_init ] --START--
INFO: Run Behavior\BuildLiteBehavior [ RunTime:0.000013s ]
INFO: [ app_init ] --END-- [ RunTime:0.000320s ]
INFO: [ app_begin ] --START--
INFO: Run Behavior\ReadHtmlCacheBehavior [ RunTime:0.000425s ]
INFO: [ app_begin ] --END-- [ RunTime:0.000470s ]
INFO: [ view_parse ] --START--
INFO: Run Behavior\ParseTemplateBehavior [ RunTime:0.000371s ]
INFO: [ view_parse ] --END-- [ RunTime:0.000414s ]
INFO: [ view_filter ] --START--
INFO: Run Behavior\WriteHtmlCacheBehavior [ RunTime:0.000373s ]
INFO: [ view_filter ] --END-- [ RunTime:0.000409s ]
INFO: [ app_end ] --START--
INFO: Run Behavior\ShowPageTraceBehavior [ RunTime:0.000626s ]
INFO: [ app_end ] --END-- [ RunTime:0.000666s ]

[ 2015-11-14T19:03:41+08:00 ] ::1 /embahust/admin
INFO: [ app_init ] --START--
INFO: Run Behavior\BuildLiteBehavior [ RunTime:0.000012s ]
INFO: [ app_init ] --END-- [ RunTime:0.000312s ]
INFO: [ app_begin ] --START--
INFO: Run Behavior\ReadHtmlCacheBehavior [ RunTime:0.000701s ]
INFO: [ app_begin ] --END-- [ RunTime:0.000791s ]
INFO: [ view_parse ] --START--
INFO: Run Behavior\ParseTemplateBehavior [ RunTime:0.000495s ]
INFO: [ view_parse ] --END-- [ RunTime:0.000593s ]
INFO: [ view_filter ] --START--
INFO: Run Behavior\WriteHtmlCacheBehavior [ RunTime:0.000542s ]
INFO: [ view_filter ] --END-- [ RunTime:0.000603s ]
INFO: [ app_end ] --START--
INFO: Run Behavior\ShowPageTraceBehavior [ RunTime:0.000839s ]
INFO: [ app_end ] --END-- [ RunTime:0.000904s ]

[ 2015-11-14T19:03:41+08:00 ] ::1 /embahust/admin
INFO: [ app_init ] --START--
INFO: Run Behavior\BuildLiteBehavior [ RunTime:0.000014s ]
INFO: [ app_init ] --END-- [ RunTime:0.000332s ]
INFO: [ app_begin ] --START--
INFO: Run Behavior\ReadHtmlCacheBehavior [ RunTime:0.000428s ]
INFO: [ app_begin ] --END-- [ RunTime:0.000472s ]
INFO: [ view_parse ] --START--
INFO: Run Behavior\ParseTemplateBehavior [ RunTime:0.000283s ]
INFO: [ view_parse ] --END-- [ RunTime:0.000341s ]
INFO: [ view_filter ] --START--
INFO: Run Behavior\WriteHtmlCacheBehavior [ RunTime:0.000337s ]
INFO: [ view_filter ] --END-- [ RunTime:0.000376s ]
INFO: [ app_end ] --START--
INFO: Run Behavior\ShowPageTraceBehavior [ RunTime:0.000548s ]
INFO: [ app_end ] --END-- [ RunTime:0.000595s ]

[ 2015-11-14T19:20:34+08:00 ] ::1 /embahust/admin/login
ERR: 非法操作:index

[ 2015-11-14T19:20:40+08:00 ] ::1 /embahust/admin/login/login
ERR: 模板不存在:./Application/Admin/View/Login/admin\login.html

[ 2015-11-14T19:21:16+08:00 ] ::1 /embahust/admin/login/index.html
ERR: 非法操作:index

[ 2015-11-14T19:23:31+08:00 ] ::1 /embahust/index.php/Admin/Login/indexindex.html
ERR: 非法操作:indexindex

[ 2015-11-14T19:26:07+08:00 ] ::1 /embahust/admin/login
ERR: 非法操作:index

[ 2015-11-14T19:26:08+08:00 ] ::1 /embahust/admin/login
ERR: 非法操作:index

[ 2015-11-14T19:26:11+08:00 ] ::1 /embahust/admin/login
ERR: 非法操作:index

[ 2015-11-14T19:38:29+08:00 ] ::1 /embahust/index.php/Admin/index/login.html
ERR: 非法操作:login

[ 2015-11-14T19:39:41+08:00 ] ::1 /embahust/index.php/Admin/login/logout.html%22
ERR: 非法操作:logout.html"

[ 2015-11-14T19:41:11+08:00 ] ::1 /embahust/index.php/Admin/index/flot.html
ERR: 非法操作:flot

[ 2015-11-14T19:41:16+08:00 ] ::1 /embahust/index.php/Admin/index/tables.html
ERR: 非法操作:tables

[ 2015-11-14T19:41:30+08:00 ] ::1 /embahust/index.php/Admin/index/forms.html
ERR: 非法操作:forms

[ 2015-11-14T19:41:35+08:00 ] ::1 /embahust/index.php/Admin/login/logout.html
ERR: 非法操作:logout

[ 2015-11-14T19:43:17+08:00 ] ::1 /embahust/index.php/Admin/index/login.html
ERR: 非法操作:login

[ 2015-11-14T19:58:28+08:00 ] ::1 /embahust/index.php/Admin/index/tables.html
ERR: 非法操作:tables

[ 2015-11-14T19:59:38+08:00 ] ::1 /embahust/index.php/Admin/index/blank.html
ERR: 非法操作:blank

[ 2015-11-14T20:05:26+08:00 ] ::1 /embahust/index.php/Admin/index/login.html
ERR: 非法操作:login

[ 2015-11-14T20:08:36+08:00 ] ::1 /embahust/index.php/Admin/index/tables.html
ERR: 非法操作:tables

[ 2015-11-14T20:08:40+08:00 ] ::1 /embahust/index.php/Admin/index/tables.html
ERR: 非法操作:tables

[ 2015-11-14T20:33:06+08:00 ] ::1 /embahust/index.php/Admin/login/verify_img/0.2999048677738756
ERR: 非法操作:verify_img

[ 2015-11-14T20:33:08+08:00 ] ::1 /embahust/index.php/Admin/login/verify_img/0.2044212615583092
ERR: 非法操作:verify_img

[ 2015-11-14T20:33:09+08:00 ] ::1 /embahust/index.php/Admin/login/verify_img/0.5360003688838333
ERR: 非法操作:verify_img

[ 2015-11-14T20:33:09+08:00 ] ::1 /embahust/index.php/Admin/login/verify_img/0.0547957275994122
ERR: 非法操作:verify_img

[ 2015-11-14T20:33:10+08:00 ] ::1 /embahust/index.php/Admin/login/verify_img/0.08889846852980554
ERR: 非法操作:verify_img

