[ 2015-11-23T12:02:07+08:00 ] ::1 /embahust/Admin/index/buttons.html
ERR: 非法操作:buttons

[ 2015-11-23T12:02:09+08:00 ] ::1 /embahust/Admin/index/buttons.html
ERR: 非法操作:buttons

[ 2015-11-23T16:04:43+08:00 ] ::1 /embahust/Admin/index/buttons.html
ERR: 非法操作:buttons

[ 2015-11-23T16:07:45+08:00 ] ::1 /embahust/Admin/index/editnews.html
ERR: 参数错误或者未定义:id

[ 2015-11-23T16:54:53+08:00 ] ::1 /embahust/Admin/index/showtea.html
ERR: 参数错误或者未定义:id

[ 2015-11-23T16:55:04+08:00 ] ::1 /embahust/Admin/index/showtea.html
ERR: 参数错误或者未定义:id

[ 2015-11-23T16:55:28+08:00 ] ::1 /embahust/Admin/index/showtea.html
ERR: 参数错误或者未定义:id

[ 2015-11-23T16:55:35+08:00 ] ::1 /embahust/Admin/index/showtea.html
ERR: 参数错误或者未定义:id

[ 2015-11-23T16:56:05+08:00 ] ::1 /embahust/Admin/index/showtea.html
ERR: 参数错误或者未定义:id

[ 2015-11-23T17:19:56+08:00 ] ::1 /embahust/Admin/index/edulist.html
ERR: 模板不存在:./Application/Admin/View/index/edulist.html

[ 2015-11-23T17:20:04+08:00 ] ::1 /embahust/Admin/index/edulist.html
ERR: 模板不存在:./Application/Admin/View/index/eduList.html

[ 2015-11-23T17:20:21+08:00 ] ::1 /embahust/Admin/index/edulist.html
ERR: 模板不存在:./Application/Admin/View/index/eduList.html

